{"meta": {"format": 3, "version": "7.10.6", "timestamp": "2025-09-03T17:47:57.443881", "branch_coverage": false, "show_contexts": false}, "files": {"backend\\app\\core\\config.py": {"executed_lines": [2, 6, 7, 8, 9, 10, 13, 14, 17, 18, 19, 25, 26, 29, 32, 33, 36, 37, 40, 41, 44, 45, 48, 51, 52, 53, 58, 59, 60, 63, 66, 67, 70, 73, 74, 77, 78, 81, 82, 83, 86, 89, 92, 95, 96, 99, 100, 103, 104, 105, 108, 109, 112, 115, 118, 119, 120, 125, 126, 127, 131, 132, 134, 136, 138, 139, 143, 144, 148, 158, 159, 160, 161, 165], "summary": {"covered_lines": 72, "num_statements": 77, "percent_covered": 93.50649350649351, "percent_covered_display": "94", "missing_lines": 5, "excluded_lines": 0}, "missing_lines": [135, 141, 146, 150, 156], "excluded_lines": [], "functions": {"Settings.CORS_ORIGINS": {"executed_lines": [134, 136], "summary": {"covered_lines": 2, "num_statements": 3, "percent_covered": 66.66666666666667, "percent_covered_display": "67", "missing_lines": 1, "excluded_lines": 0}, "missing_lines": [135], "excluded_lines": []}, "Settings.DATABASE_PATH": {"executed_lines": [], "summary": {"covered_lines": 0, "num_statements": 1, "percent_covered": 0.0, "percent_covered_display": "0", "missing_lines": 1, "excluded_lines": 0}, "missing_lines": [141], "excluded_lines": []}, "Settings.MODELS_PATH": {"executed_lines": [], "summary": {"covered_lines": 0, "num_statements": 1, "percent_covered": 0.0, "percent_covered_display": "0", "missing_lines": 1, "excluded_lines": 0}, "missing_lines": [146], "excluded_lines": []}, "Settings.get_model_path": {"executed_lines": [], "summary": {"covered_lines": 0, "num_statements": 2, "percent_covered": 0.0, "percent_covered_display": "0", "missing_lines": 2, "excluded_lines": 0}, "missing_lines": [150, 156], "excluded_lines": []}, "": {"executed_lines": [2, 6, 7, 8, 9, 10, 13, 14, 17, 18, 19, 25, 26, 29, 32, 33, 36, 37, 40, 41, 44, 45, 48, 51, 52, 53, 58, 59, 60, 63, 66, 67, 70, 73, 74, 77, 78, 81, 82, 83, 86, 89, 92, 95, 96, 99, 100, 103, 104, 105, 108, 109, 112, 115, 118, 119, 120, 125, 126, 127, 131, 132, 138, 139, 143, 144, 148, 158, 159, 160, 161, 165], "summary": {"covered_lines": 70, "num_statements": 70, "percent_covered": 100.0, "percent_covered_display": "100", "missing_lines": 0, "excluded_lines": 0}, "missing_lines": [], "excluded_lines": []}}, "classes": {"Settings": {"executed_lines": [134, 136], "summary": {"covered_lines": 2, "num_statements": 7, "percent_covered": 28.571428571428573, "percent_covered_display": "29", "missing_lines": 5, "excluded_lines": 0}, "missing_lines": [135, 141, 146, 150, 156], "excluded_lines": []}, "Settings.Config": {"executed_lines": [], "summary": {"covered_lines": 0, "num_statements": 0, "percent_covered": 100.0, "percent_covered_display": "100", "missing_lines": 0, "excluded_lines": 0}, "missing_lines": [], "excluded_lines": []}, "": {"executed_lines": [2, 6, 7, 8, 9, 10, 13, 14, 17, 18, 19, 25, 26, 29, 32, 33, 36, 37, 40, 41, 44, 45, 48, 51, 52, 53, 58, 59, 60, 63, 66, 67, 70, 73, 74, 77, 78, 81, 82, 83, 86, 89, 92, 95, 96, 99, 100, 103, 104, 105, 108, 109, 112, 115, 118, 119, 120, 125, 126, 127, 131, 132, 138, 139, 143, 144, 148, 158, 159, 160, 161, 165], "summary": {"covered_lines": 70, "num_statements": 70, "percent_covered": 100.0, "percent_covered_display": "100", "missing_lines": 0, "excluded_lines": 0}, "missing_lines": [], "excluded_lines": []}}}, "backend\\app\\core\\dependencies.py": {"executed_lines": [2, 6, 7, 8, 9, 10, 11, 13, 14, 15, 17, 19, 21, 24, 27, 28, 30, 31, 32, 33, 35, 50, 70, 73, 102, 119, 122, 133, 134, 136, 137, 138, 139, 141, 164, 167, 184, 211, 238, 239, 241, 259, 265, 287, 300, 306, 324], "summary": {"covered_lines": 43, "num_statements": 130, "percent_covered": 33.07692307692308, "percent_covered_display": "33", "missing_lines": 87, "excluded_lines": 0}, "missing_lines": [37, 38, 40, 41, 42, 44, 45, 47, 48, 52, 53, 55, 56, 57, 59, 60, 62, 64, 65, 66, 83, 84, 85, 86, 88, 95, 96, 99, 108, 109, 115, 126, 127, 129, 143, 146, 147, 153, 156, 157, 160, 161, 174, 176, 177, 189, 190, 195, 196, 202, 203, 208, 216, 218, 220, 227, 231, 234, 242, 243, 247, 248, 253, 254, 255, 256, 261, 272, 274, 276, 277, 278, 283, 290, 291, 296, 302, 309, 311, 312, 315, 317, 319, 320, 321, 327, 328], "excluded_lines": [], "functions": {"AuthenticationService.__init__": {"executed_lines": [31, 32, 33], "summary": {"covered_lines": 3, "num_statements": 3, "percent_covered": 100.0, "percent_covered_display": "100", "missing_lines": 0, "excluded_lines": 0}, "missing_lines": [], "excluded_lines": []}, "AuthenticationService.create_access_token": {"executed_lines": [], "summary": {"covered_lines": 0, "num_statements": 9, "percent_covered": 0.0, "percent_covered_display": "0", "missing_lines": 9, "excluded_lines": 0}, "missing_lines": [37, 38, 40, 41, 42, 44, 45, 47, 48], "excluded_lines": []}, "AuthenticationService.verify_token": {"executed_lines": [], "summary": {"covered_lines": 0, "num_statements": 11, "percent_covered": 0.0, "percent_covered_display": "0", "missing_lines": 11, "excluded_lines": 0}, "missing_lines": [52, 53, 55, 56, 57, 59, 60, 62, 64, 65, 66], "excluded_lines": []}, "get_current_user": {"executed_lines": [], "summary": {"covered_lines": 0, "num_statements": 8, "percent_covered": 0.0, "percent_covered_display": "0", "missing_lines": 8, "excluded_lines": 0}, "missing_lines": [83, 84, 85, 86, 88, 95, 96, 99], "excluded_lines": []}, "get_authenticated_user": {"executed_lines": [], "summary": {"covered_lines": 0, "num_statements": 3, "percent_covered": 0.0, "percent_covered_display": "0", "missing_lines": 3, "excluded_lines": 0}, "missing_lines": [108, 109, 115], "excluded_lines": []}, "get_db_service": {"executed_lines": [], "summary": {"covered_lines": 0, "num_statements": 3, "percent_covered": 0.0, "percent_covered_display": "0", "missing_lines": 3, "excluded_lines": 0}, "missing_lines": [126, 127, 129], "excluded_lines": []}, "RateLimiter.__init__": {"executed_lines": [137, 138, 139], "summary": {"covered_lines": 3, "num_statements": 3, "percent_covered": 100.0, "percent_covered_display": "100", "missing_lines": 0, "excluded_lines": 0}, "missing_lines": [], "excluded_lines": []}, "RateLimiter.is_allowed": {"executed_lines": [], "summary": {"covered_lines": 0, "num_statements": 8, "percent_covered": 0.0, "percent_covered_display": "0", "missing_lines": 8, "excluded_lines": 0}, "missing_lines": [143, 146, 147, 153, 156, 157, 160, 161], "excluded_lines": []}, "check_rate_limit": {"executed_lines": [], "summary": {"covered_lines": 0, "num_statements": 3, "percent_covered": 0.0, "percent_covered_display": "0", "missing_lines": 3, "excluded_lines": 0}, "missing_lines": [174, 176, 177], "excluded_lines": []}, "validate_location": {"executed_lines": [], "summary": {"covered_lines": 0, "num_statements": 7, "percent_covered": 0.0, "percent_covered_display": "0", "missing_lines": 7, "excluded_lines": 0}, "missing_lines": [189, 190, 195, 196, 202, 203, 208], "excluded_lines": []}, "validate_copenhagen_location": {"executed_lines": [], "summary": {"covered_lines": 0, "num_statements": 6, "percent_covered": 0.0, "percent_covered_display": "0", "missing_lines": 6, "excluded_lines": 0}, "missing_lines": [216, 218, 220, 227, 231, 234], "excluded_lines": []}, "PaginationParams.__init__": {"executed_lines": [], "summary": {"covered_lines": 0, "num_statements": 8, "percent_covered": 0.0, "percent_covered_display": "0", "missing_lines": 8, "excluded_lines": 0}, "missing_lines": [242, 243, 247, 248, 253, 254, 255, 256], "excluded_lines": []}, "get_pagination": {"executed_lines": [], "summary": {"covered_lines": 0, "num_statements": 1, "percent_covered": 0.0, "percent_covered_display": "0", "missing_lines": 1, "excluded_lines": 0}, "missing_lines": [261], "excluded_lines": []}, "require_admin": {"executed_lines": [], "summary": {"covered_lines": 0, "num_statements": 6, "percent_covered": 0.0, "percent_covered_display": "0", "missing_lines": 6, "excluded_lines": 0}, "missing_lines": [272, 274, 276, 277, 278, 283], "excluded_lines": []}, "validate_content_length": {"executed_lines": [], "summary": {"covered_lines": 0, "num_statements": 3, "percent_covered": 0.0, "percent_covered_display": "0", "missing_lines": 3, "excluded_lines": 0}, "missing_lines": [290, 291, 296], "excluded_lines": []}, "get_cache_key": {"executed_lines": [], "summary": {"covered_lines": 0, "num_statements": 1, "percent_covered": 0.0, "percent_covered_display": "0", "missing_lines": 1, "excluded_lines": 0}, "missing_lines": [302], "excluded_lines": []}, "verify_system_health": {"executed_lines": [], "summary": {"covered_lines": 0, "num_statements": 8, "percent_covered": 0.0, "percent_covered_display": "0", "missing_lines": 8, "excluded_lines": 0}, "missing_lines": [309, 311, 312, 315, 317, 319, 320, 321], "excluded_lines": []}, "require_system_health": {"executed_lines": [], "summary": {"covered_lines": 0, "num_statements": 2, "percent_covered": 0.0, "percent_covered_display": "0", "missing_lines": 2, "excluded_lines": 0}, "missing_lines": [327, 328], "excluded_lines": []}, "": {"executed_lines": [2, 6, 7, 8, 9, 10, 11, 13, 14, 15, 17, 19, 21, 24, 27, 28, 30, 35, 50, 70, 73, 102, 119, 122, 133, 134, 136, 141, 164, 167, 184, 211, 238, 239, 241, 259, 265, 287, 300, 306, 324], "summary": {"covered_lines": 37, "num_statements": 37, "percent_covered": 100.0, "percent_covered_display": "100", "missing_lines": 0, "excluded_lines": 0}, "missing_lines": [], "excluded_lines": []}}, "classes": {"AuthenticationService": {"executed_lines": [31, 32, 33], "summary": {"covered_lines": 3, "num_statements": 23, "percent_covered": 13.043478260869565, "percent_covered_display": "13", "missing_lines": 20, "excluded_lines": 0}, "missing_lines": [37, 38, 40, 41, 42, 44, 45, 47, 48, 52, 53, 55, 56, 57, 59, 60, 62, 64, 65, 66], "excluded_lines": []}, "RateLimiter": {"executed_lines": [137, 138, 139], "summary": {"covered_lines": 3, "num_statements": 11, "percent_covered": 27.272727272727273, "percent_covered_display": "27", "missing_lines": 8, "excluded_lines": 0}, "missing_lines": [143, 146, 147, 153, 156, 157, 160, 161], "excluded_lines": []}, "PaginationParams": {"executed_lines": [], "summary": {"covered_lines": 0, "num_statements": 8, "percent_covered": 0.0, "percent_covered_display": "0", "missing_lines": 8, "excluded_lines": 0}, "missing_lines": [242, 243, 247, 248, 253, 254, 255, 256], "excluded_lines": []}, "": {"executed_lines": [2, 6, 7, 8, 9, 10, 11, 13, 14, 15, 17, 19, 21, 24, 27, 28, 30, 35, 50, 70, 73, 102, 119, 122, 133, 134, 136, 141, 164, 167, 184, 211, 238, 239, 241, 259, 265, 287, 300, 306, 324], "summary": {"covered_lines": 37, "num_statements": 88, "percent_covered": 42.04545454545455, "percent_covered_display": "42", "missing_lines": 51, "excluded_lines": 0}, "missing_lines": [83, 84, 85, 86, 88, 95, 96, 99, 108, 109, 115, 126, 127, 129, 174, 176, 177, 189, 190, 195, 196, 202, 203, 208, 216, 218, 220, 227, 231, 234, 261, 272, 274, 276, 277, 278, 283, 290, 291, 296, 302, 309, 311, 312, 315, 317, 319, 320, 321, 327, 328], "excluded_lines": []}}}, "backend\\app\\main.py": {"executed_lines": [2, 7, 8, 9, 10, 11, 12, 13, 14, 15, 18, 19, 21, 23, 30, 39, 41, 45, 46, 47, 50, 53, 56, 59, 68, 76, 79, 83, 84, 87, 88, 108, 109, 123, 124, 158, 159, 193, 194, 216, 217, 247, 248, 284, 285, 304, 305, 340, 341, 372, 373, 416, 417, 442, 443, 476, 477, 491, 492, 508, 509, 525, 526, 538], "summary": {"covered_lines": 63, "num_statements": 198, "percent_covered": 31.818181818181817, "percent_covered_display": "32", "missing_lines": 135, "excluded_lines": 0}, "missing_lines": [42, 43, 80, 81, 90, 92, 94, 95, 98, 99, 101, 103, 104, 105, 111, 113, 114, 115, 116, 118, 119, 127, 129, 130, 133, 135, 137, 147, 148, 149, 166, 167, 176, 177, 181, 188, 189, 190, 197, 198, 199, 200, 202, 209, 210, 211, 212, 213, 225, 226, 234, 235, 239, 241, 242, 243, 261, 263, 265, 277, 279, 280, 281, 288, 289, 290, 291, 294, 296, 297, 298, 299, 300, 312, 314, 326, 333, 335, 336, 337, 348, 349, 353, 354, 360, 366, 367, 368, 381, 383, 393, 402, 409, 411, 412, 413, 425, 426, 430, 436, 437, 438, 450, 451, 461, 462, 468, 470, 471, 472, 482, 483, 484, 486, 487, 488, 495, 496, 500, 502, 503, 504, 514, 516, 518, 520, 521, 522, 529, 530, 531, 533, 534, 535, 539], "excluded_lines": [], "functions": {"startup_event": {"executed_lines": [], "summary": {"covered_lines": 0, "num_statements": 10, "percent_covered": 0.0, "percent_covered_display": "0", "missing_lines": 10, "excluded_lines": 0}, "missing_lines": [90, 92, 94, 95, 98, 99, 101, 103, 104, 105], "excluded_lines": []}, "shutdown_event": {"executed_lines": [], "summary": {"covered_lines": 0, "num_statements": 7, "percent_covered": 0.0, "percent_covered_display": "0", "missing_lines": 7, "excluded_lines": 0}, "missing_lines": [111, 113, 114, 115, 116, 118, 119], "excluded_lines": []}, "health_check": {"executed_lines": [], "summary": {"covered_lines": 0, "num_statements": 9, "percent_covered": 0.0, "percent_covered_display": "0", "missing_lines": 9, "excluded_lines": 0}, "missing_lines": [127, 129, 130, 133, 135, 137, 147, 148, 149], "excluded_lines": []}, "register_user": {"executed_lines": [], "summary": {"covered_lines": 0, "num_statements": 8, "percent_covered": 0.0, "percent_covered_display": "0", "missing_lines": 8, "excluded_lines": 0}, "missing_lines": [166, 167, 176, 177, 181, 188, 189, 190], "excluded_lines": []}, "get_user": {"executed_lines": [], "summary": {"covered_lines": 0, "num_statements": 10, "percent_covered": 0.0, "percent_covered_display": "0", "missing_lines": 10, "excluded_lines": 0}, "missing_lines": [197, 198, 199, 200, 202, 209, 210, 211, 212, 213], "excluded_lines": []}, "update_user_preferences": {"executed_lines": [], "summary": {"covered_lines": 0, "num_statements": 8, "percent_covered": 0.0, "percent_covered_display": "0", "missing_lines": 8, "excluded_lines": 0}, "missing_lines": [225, 226, 234, 235, 239, 241, 242, 243], "excluded_lines": []}, "get_events": {"executed_lines": [], "summary": {"covered_lines": 0, "num_statements": 7, "percent_covered": 0.0, "percent_covered_display": "0", "missing_lines": 7, "excluded_lines": 0}, "missing_lines": [261, 263, 265, 277, 279, 280, 281], "excluded_lines": []}, "get_event": {"executed_lines": [], "summary": {"covered_lines": 0, "num_statements": 10, "percent_covered": 0.0, "percent_covered_display": "0", "missing_lines": 10, "excluded_lines": 0}, "missing_lines": [288, 289, 290, 291, 294, 296, 297, 298, 299, 300], "excluded_lines": []}, "get_recommendations": {"executed_lines": [], "summary": {"covered_lines": 0, "num_statements": 7, "percent_covered": 0.0, "percent_covered_display": "0", "missing_lines": 7, "excluded_lines": 0}, "missing_lines": [312, 314, 326, 333, 335, 336, 337], "excluded_lines": []}, "get_similar_events": {"executed_lines": [], "summary": {"covered_lines": 0, "num_statements": 8, "percent_covered": 0.0, "percent_covered_display": "0", "missing_lines": 8, "excluded_lines": 0}, "missing_lines": [348, 349, 353, 354, 360, 366, 367, 368], "excluded_lines": []}, "record_interaction": {"executed_lines": [], "summary": {"covered_lines": 0, "num_statements": 8, "percent_covered": 0.0, "percent_covered_display": "0", "missing_lines": 8, "excluded_lines": 0}, "missing_lines": [381, 383, 393, 402, 409, 411, 412, 413], "excluded_lines": []}, "get_user_interactions": {"executed_lines": [], "summary": {"covered_lines": 0, "num_statements": 6, "percent_covered": 0.0, "percent_covered_display": "0", "missing_lines": 6, "excluded_lines": 0}, "missing_lines": [425, 426, 430, 436, 437, 438], "excluded_lines": []}, "search_events": {"executed_lines": [], "summary": {"covered_lines": 0, "num_statements": 8, "percent_covered": 0.0, "percent_covered_display": "0", "missing_lines": 8, "excluded_lines": 0}, "missing_lines": [450, 451, 461, 462, 468, 470, 471, 472], "excluded_lines": []}, "get_analytics_dashboard": {"executed_lines": [], "summary": {"covered_lines": 0, "num_statements": 6, "percent_covered": 0.0, "percent_covered_display": "0", "missing_lines": 6, "excluded_lines": 0}, "missing_lines": [482, 483, 484, 486, 487, 488], "excluded_lines": []}, "get_event_analytics": {"executed_lines": [], "summary": {"covered_lines": 0, "num_statements": 6, "percent_covered": 0.0, "percent_covered_display": "0", "missing_lines": 6, "excluded_lines": 0}, "missing_lines": [495, 496, 500, 502, 503, 504], "excluded_lines": []}, "retrain_models": {"executed_lines": [], "summary": {"covered_lines": 0, "num_statements": 6, "percent_covered": 0.0, "percent_covered_display": "0", "missing_lines": 6, "excluded_lines": 0}, "missing_lines": [514, 516, 518, 520, 521, 522], "excluded_lines": []}, "get_model_status": {"executed_lines": [], "summary": {"covered_lines": 0, "num_statements": 6, "percent_covered": 0.0, "percent_covered_display": "0", "missing_lines": 6, "excluded_lines": 0}, "missing_lines": [529, 530, 531, 533, 534, 535], "excluded_lines": []}, "": {"executed_lines": [2, 7, 8, 9, 10, 11, 12, 13, 14, 15, 18, 19, 21, 23, 30, 39, 41, 45, 46, 47, 50, 53, 56, 59, 68, 76, 79, 83, 84, 87, 88, 108, 109, 123, 124, 158, 159, 193, 194, 216, 217, 247, 248, 284, 285, 304, 305, 340, 341, 372, 373, 416, 417, 442, 443, 476, 477, 491, 492, 508, 509, 525, 526, 538], "summary": {"covered_lines": 63, "num_statements": 68, "percent_covered": 92.6470588235294, "percent_covered_display": "93", "missing_lines": 5, "excluded_lines": 0}, "missing_lines": [42, 43, 80, 81, 539], "excluded_lines": []}}, "classes": {"": {"executed_lines": [2, 7, 8, 9, 10, 11, 12, 13, 14, 15, 18, 19, 21, 23, 30, 39, 41, 45, 46, 47, 50, 53, 56, 59, 68, 76, 79, 83, 84, 87, 88, 108, 109, 123, 124, 158, 159, 193, 194, 216, 217, 247, 248, 284, 285, 304, 305, 340, 341, 372, 373, 416, 417, 442, 443, 476, 477, 491, 492, 508, 509, 525, 526, 538], "summary": {"covered_lines": 63, "num_statements": 198, "percent_covered": 31.818181818181817, "percent_covered_display": "32", "missing_lines": 135, "excluded_lines": 0}, "missing_lines": [42, 43, 80, 81, 90, 92, 94, 95, 98, 99, 101, 103, 104, 105, 111, 113, 114, 115, 116, 118, 119, 127, 129, 130, 133, 135, 137, 147, 148, 149, 166, 167, 176, 177, 181, 188, 189, 190, 197, 198, 199, 200, 202, 209, 210, 211, 212, 213, 225, 226, 234, 235, 239, 241, 242, 243, 261, 263, 265, 277, 279, 280, 281, 288, 289, 290, 291, 294, 296, 297, 298, 299, 300, 312, 314, 326, 333, 335, 336, 337, 348, 349, 353, 354, 360, 366, 367, 368, 381, 383, 393, 402, 409, 411, 412, 413, 425, 426, 430, 436, 437, 438, 450, 451, 461, 462, 468, 470, 471, 472, 482, 483, 484, 486, 487, 488, 495, 496, 500, 502, 503, 504, 514, 516, 518, 520, 521, 522, 529, 530, 531, 533, 534, 535, 539], "excluded_lines": []}}}, "backend\\app\\models\\requests.py": {"executed_lines": [2, 6, 7, 8, 9, 12, 13, 15, 16, 17, 18, 19, 22, 23, 25, 26, 27, 28, 29, 30, 33, 34, 36, 39, 40, 41, 44, 45, 48, 51, 52, 54, 55, 60, 61, 66, 67, 73, 74, 76, 77, 78, 79, 80, 81, 82, 83, 85, 86, 93, 94, 96, 97, 98, 99, 100, 103, 104, 107, 110, 115, 116, 118, 119, 120, 121, 122, 125, 126, 128, 129, 130, 131, 134, 137, 139, 140, 150, 151, 153, 154, 155, 156, 159, 160, 163, 164, 166, 169, 170, 172, 173, 174, 175, 178, 181, 182, 184, 185, 186, 187, 188, 191, 192, 194, 195, 196, 197, 200, 201, 202, 203], "summary": {"covered_lines": 99, "num_statements": 116, "percent_covered": 85.34482758620689, "percent_covered_display": "85", "missing_lines": 17, "excluded_lines": 0}, "missing_lines": [56, 57, 58, 62, 63, 64, 68, 69, 70, 87, 88, 89, 90, 141, 145, 146, 147], "excluded_lines": [], "functions": {"UserPreferencesRequest.validate_times": {"executed_lines": [], "summary": {"covered_lines": 0, "num_statements": 3, "percent_covered": 0.0, "percent_covered_display": "0", "missing_lines": 3, "excluded_lines": 0}, "missing_lines": [56, 57, 58], "excluded_lines": []}, "UserPreferencesRequest.validate_days": {"executed_lines": [], "summary": {"covered_lines": 0, "num_statements": 3, "percent_covered": 0.0, "percent_covered_display": "0", "missing_lines": 3, "excluded_lines": 0}, "missing_lines": [62, 63, 64], "excluded_lines": []}, "UserPreferencesRequest.validate_price_range": {"executed_lines": [], "summary": {"covered_lines": 0, "num_statements": 3, "percent_covered": 0.0, "percent_covered_display": "0", "missing_lines": 3, "excluded_lines": 0}, "missing_lines": [68, 69, 70], "excluded_lines": []}, "RecommendationFilters.validate_max_price": {"executed_lines": [], "summary": {"covered_lines": 0, "num_statements": 4, "percent_covered": 0.0, "percent_covered_display": "0", "missing_lines": 4, "excluded_lines": 0}, "missing_lines": [87, 88, 89, 90], "excluded_lines": []}, "InteractionRequest.validate_rating": {"executed_lines": [], "summary": {"covered_lines": 0, "num_statements": 4, "percent_covered": 0.0, "percent_covered_display": "0", "missing_lines": 4, "excluded_lines": 0}, "missing_lines": [141, 145, 146, 147], "excluded_lines": []}, "": {"executed_lines": [2, 6, 7, 8, 9, 12, 13, 15, 16, 17, 18, 19, 22, 23, 25, 26, 27, 28, 29, 30, 33, 34, 36, 39, 40, 41, 44, 45, 48, 51, 52, 54, 55, 60, 61, 66, 67, 73, 74, 76, 77, 78, 79, 80, 81, 82, 83, 85, 86, 93, 94, 96, 97, 98, 99, 100, 103, 104, 107, 110, 115, 116, 118, 119, 120, 121, 122, 125, 126, 128, 129, 130, 131, 134, 137, 139, 140, 150, 151, 153, 154, 155, 156, 159, 160, 163, 164, 166, 169, 170, 172, 173, 174, 175, 178, 181, 182, 184, 185, 186, 187, 188, 191, 192, 194, 195, 196, 197, 200, 201, 202, 203], "summary": {"covered_lines": 99, "num_statements": 99, "percent_covered": 100.0, "percent_covered_display": "100", "missing_lines": 0, "excluded_lines": 0}, "missing_lines": [], "excluded_lines": []}}, "classes": {"InteractionType": {"executed_lines": [], "summary": {"covered_lines": 0, "num_statements": 0, "percent_covered": 100.0, "percent_covered_display": "100", "missing_lines": 0, "excluded_lines": 0}, "missing_lines": [], "excluded_lines": []}, "DateFilter": {"executed_lines": [], "summary": {"covered_lines": 0, "num_statements": 0, "percent_covered": 100.0, "percent_covered_display": "100", "missing_lines": 0, "excluded_lines": 0}, "missing_lines": [], "excluded_lines": []}, "UserPreferencesRequest": {"executed_lines": [], "summary": {"covered_lines": 0, "num_statements": 9, "percent_covered": 0.0, "percent_covered_display": "0", "missing_lines": 9, "excluded_lines": 0}, "missing_lines": [56, 57, 58, 62, 63, 64, 68, 69, 70], "excluded_lines": []}, "RecommendationFilters": {"executed_lines": [], "summary": {"covered_lines": 0, "num_statements": 4, "percent_covered": 0.0, "percent_covered_display": "0", "missing_lines": 4, "excluded_lines": 0}, "missing_lines": [87, 88, 89, 90], "excluded_lines": []}, "RecommendationRequest": {"executed_lines": [], "summary": {"covered_lines": 0, "num_statements": 0, "percent_covered": 100.0, "percent_covered_display": "100", "missing_lines": 0, "excluded_lines": 0}, "missing_lines": [], "excluded_lines": []}, "UserRegistrationRequest": {"executed_lines": [], "summary": {"covered_lines": 0, "num_statements": 0, "percent_covered": 100.0, "percent_covered_display": "100", "missing_lines": 0, "excluded_lines": 0}, "missing_lines": [], "excluded_lines": []}, "InteractionRequest": {"executed_lines": [], "summary": {"covered_lines": 0, "num_statements": 4, "percent_covered": 0.0, "percent_covered_display": "0", "missing_lines": 4, "excluded_lines": 0}, "missing_lines": [141, 145, 146, 147], "excluded_lines": []}, "EventSearchRequest": {"executed_lines": [], "summary": {"covered_lines": 0, "num_statements": 0, "percent_covered": 100.0, "percent_covered_display": "100", "missing_lines": 0, "excluded_lines": 0}, "missing_lines": [], "excluded_lines": []}, "BulkInteractionRequest": {"executed_lines": [], "summary": {"covered_lines": 0, "num_statements": 0, "percent_covered": 100.0, "percent_covered_display": "100", "missing_lines": 0, "excluded_lines": 0}, "missing_lines": [], "excluded_lines": []}, "FeedbackRequest": {"executed_lines": [], "summary": {"covered_lines": 0, "num_statements": 0, "percent_covered": 100.0, "percent_covered_display": "100", "missing_lines": 0, "excluded_lines": 0}, "missing_lines": [], "excluded_lines": []}, "ColdStartRequest": {"executed_lines": [], "summary": {"covered_lines": 0, "num_statements": 0, "percent_covered": 100.0, "percent_covered_display": "100", "missing_lines": 0, "excluded_lines": 0}, "missing_lines": [], "excluded_lines": []}, "ModelFeedbackRequest": {"executed_lines": [], "summary": {"covered_lines": 0, "num_statements": 0, "percent_covered": 100.0, "percent_covered_display": "100", "missing_lines": 0, "excluded_lines": 0}, "missing_lines": [], "excluded_lines": []}, "": {"executed_lines": [2, 6, 7, 8, 9, 12, 13, 15, 16, 17, 18, 19, 22, 23, 25, 26, 27, 28, 29, 30, 33, 34, 36, 39, 40, 41, 44, 45, 48, 51, 52, 54, 55, 60, 61, 66, 67, 73, 74, 76, 77, 78, 79, 80, 81, 82, 83, 85, 86, 93, 94, 96, 97, 98, 99, 100, 103, 104, 107, 110, 115, 116, 118, 119, 120, 121, 122, 125, 126, 128, 129, 130, 131, 134, 137, 139, 140, 150, 151, 153, 154, 155, 156, 159, 160, 163, 164, 166, 169, 170, 172, 173, 174, 175, 178, 181, 182, 184, 185, 186, 187, 188, 191, 192, 194, 195, 196, 197, 200, 201, 202, 203], "summary": {"covered_lines": 99, "num_statements": 99, "percent_covered": 100.0, "percent_covered_display": "100", "missing_lines": 0, "excluded_lines": 0}, "missing_lines": [], "excluded_lines": []}}}, "backend\\app\\models\\responses.py": {"executed_lines": [2, 6, 7, 8, 11, 12, 14, 15, 16, 17, 18, 19, 20, 21, 22, 23, 24, 25, 26, 27, 28, 29, 30, 31, 32, 35, 36, 38, 39, 40, 41, 44, 45, 47, 48, 49, 50, 51, 52, 55, 56, 58, 59, 60, 61, 62, 63, 64, 65, 66, 71, 72, 74, 75, 76, 77, 78, 79, 80, 81, 84, 85, 87, 88, 89, 90, 91, 92, 93, 94, 97, 98, 100, 101, 102, 103, 104, 107, 108, 110, 111, 112, 113, 114, 115, 118, 119, 121, 122, 123, 124, 125, 128, 129, 130, 131, 134, 135, 136, 139, 140, 141, 143, 146, 147, 149, 150, 151, 152, 153, 154, 155, 158, 159, 161, 162, 163, 164, 165, 166, 167, 168, 169, 170, 173, 174, 176, 177, 178, 179, 180, 181, 184, 185, 187, 188, 189, 190, 191, 192, 195, 196, 198, 199, 200, 201, 204, 205, 207, 208, 209, 210, 211, 212, 215, 216, 218, 219, 220, 221, 222], "summary": {"covered_lines": 144, "num_statements": 144, "percent_covered": 100.0, "percent_covered_display": "100", "missing_lines": 0, "excluded_lines": 0}, "missing_lines": [], "excluded_lines": [], "functions": {"": {"executed_lines": [2, 6, 7, 8, 11, 12, 14, 15, 16, 17, 18, 19, 20, 21, 22, 23, 24, 25, 26, 27, 28, 29, 30, 31, 32, 35, 36, 38, 39, 40, 41, 44, 45, 47, 48, 49, 50, 51, 52, 55, 56, 58, 59, 60, 61, 62, 63, 64, 65, 66, 71, 72, 74, 75, 76, 77, 78, 79, 80, 81, 84, 85, 87, 88, 89, 90, 91, 92, 93, 94, 97, 98, 100, 101, 102, 103, 104, 107, 108, 110, 111, 112, 113, 114, 115, 118, 119, 121, 122, 123, 124, 125, 128, 129, 130, 131, 134, 135, 136, 139, 140, 141, 143, 146, 147, 149, 150, 151, 152, 153, 154, 155, 158, 159, 161, 162, 163, 164, 165, 166, 167, 168, 169, 170, 173, 174, 176, 177, 178, 179, 180, 181, 184, 185, 187, 188, 189, 190, 191, 192, 195, 196, 198, 199, 200, 201, 204, 205, 207, 208, 209, 210, 211, 212, 215, 216, 218, 219, 220, 221, 222], "summary": {"covered_lines": 144, "num_statements": 144, "percent_covered": 100.0, "percent_covered_display": "100", "missing_lines": 0, "excluded_lines": 0}, "missing_lines": [], "excluded_lines": []}}, "classes": {"EventResponse": {"executed_lines": [], "summary": {"covered_lines": 0, "num_statements": 0, "percent_covered": 100.0, "percent_covered_display": "100", "missing_lines": 0, "excluded_lines": 0}, "missing_lines": [], "excluded_lines": []}, "RecommendationExplanation": {"executed_lines": [], "summary": {"covered_lines": 0, "num_statements": 0, "percent_covered": 100.0, "percent_covered_display": "100", "missing_lines": 0, "excluded_lines": 0}, "missing_lines": [], "excluded_lines": []}, "RecommendedEvent": {"executed_lines": [], "summary": {"covered_lines": 0, "num_statements": 0, "percent_covered": 100.0, "percent_covered_display": "100", "missing_lines": 0, "excluded_lines": 0}, "missing_lines": [], "excluded_lines": []}, "RecommendationResponse": {"executed_lines": [], "summary": {"covered_lines": 0, "num_statements": 0, "percent_covered": 100.0, "percent_covered_display": "100", "missing_lines": 0, "excluded_lines": 0}, "missing_lines": [], "excluded_lines": []}, "UserResponse": {"executed_lines": [], "summary": {"covered_lines": 0, "num_statements": 0, "percent_covered": 100.0, "percent_covered_display": "100", "missing_lines": 0, "excluded_lines": 0}, "missing_lines": [], "excluded_lines": []}, "InteractionResponse": {"executed_lines": [], "summary": {"covered_lines": 0, "num_statements": 0, "percent_covered": 100.0, "percent_covered_display": "100", "missing_lines": 0, "excluded_lines": 0}, "missing_lines": [], "excluded_lines": []}, "SearchResponse": {"executed_lines": [], "summary": {"covered_lines": 0, "num_statements": 0, "percent_covered": 100.0, "percent_covered_display": "100", "missing_lines": 0, "excluded_lines": 0}, "missing_lines": [], "excluded_lines": []}, "HealthResponse": {"executed_lines": [], "summary": {"covered_lines": 0, "num_statements": 0, "percent_covered": 100.0, "percent_covered_display": "100", "missing_lines": 0, "excluded_lines": 0}, "missing_lines": [], "excluded_lines": []}, "AnalyticsResponse": {"executed_lines": [], "summary": {"covered_lines": 0, "num_statements": 0, "percent_covered": 100.0, "percent_covered_display": "100", "missing_lines": 0, "excluded_lines": 0}, "missing_lines": [], "excluded_lines": []}, "ModelStatusResponse": {"executed_lines": [], "summary": {"covered_lines": 0, "num_statements": 0, "percent_covered": 100.0, "percent_covered_display": "100", "missing_lines": 0, "excluded_lines": 0}, "missing_lines": [], "excluded_lines": []}, "VenueResponse": {"executed_lines": [], "summary": {"covered_lines": 0, "num_statements": 0, "percent_covered": 100.0, "percent_covered_display": "100", "missing_lines": 0, "excluded_lines": 0}, "missing_lines": [], "excluded_lines": []}, "ArtistResponse": {"executed_lines": [], "summary": {"covered_lines": 0, "num_statements": 0, "percent_covered": 100.0, "percent_covered_display": "100", "missing_lines": 0, "excluded_lines": 0}, "missing_lines": [], "excluded_lines": []}, "TrendingResponse": {"executed_lines": [], "summary": {"covered_lines": 0, "num_statements": 0, "percent_covered": 100.0, "percent_covered_display": "100", "missing_lines": 0, "excluded_lines": 0}, "missing_lines": [], "excluded_lines": []}, "SimilarEventsResponse": {"executed_lines": [], "summary": {"covered_lines": 0, "num_statements": 0, "percent_covered": 100.0, "percent_covered_display": "100", "missing_lines": 0, "excluded_lines": 0}, "missing_lines": [], "excluded_lines": []}, "ColdStartResponse": {"executed_lines": [], "summary": {"covered_lines": 0, "num_statements": 0, "percent_covered": 100.0, "percent_covered_display": "100", "missing_lines": 0, "excluded_lines": 0}, "missing_lines": [], "excluded_lines": []}, "ErrorResponse": {"executed_lines": [], "summary": {"covered_lines": 0, "num_statements": 0, "percent_covered": 100.0, "percent_covered_display": "100", "missing_lines": 0, "excluded_lines": 0}, "missing_lines": [], "excluded_lines": []}, "": {"executed_lines": [2, 6, 7, 8, 11, 12, 14, 15, 16, 17, 18, 19, 20, 21, 22, 23, 24, 25, 26, 27, 28, 29, 30, 31, 32, 35, 36, 38, 39, 40, 41, 44, 45, 47, 48, 49, 50, 51, 52, 55, 56, 58, 59, 60, 61, 62, 63, 64, 65, 66, 71, 72, 74, 75, 76, 77, 78, 79, 80, 81, 84, 85, 87, 88, 89, 90, 91, 92, 93, 94, 97, 98, 100, 101, 102, 103, 104, 107, 108, 110, 111, 112, 113, 114, 115, 118, 119, 121, 122, 123, 124, 125, 128, 129, 130, 131, 134, 135, 136, 139, 140, 141, 143, 146, 147, 149, 150, 151, 152, 153, 154, 155, 158, 159, 161, 162, 163, 164, 165, 166, 167, 168, 169, 170, 173, 174, 176, 177, 178, 179, 180, 181, 184, 185, 187, 188, 189, 190, 191, 192, 195, 196, 198, 199, 200, 201, 204, 205, 207, 208, 209, 210, 211, 212, 215, 216, 218, 219, 220, 221, 222], "summary": {"covered_lines": 144, "num_statements": 144, "percent_covered": 100.0, "percent_covered_display": "100", "missing_lines": 0, "excluded_lines": 0}, "missing_lines": [], "excluded_lines": []}}}, "backend\\app\\services\\__init__.py": {"executed_lines": [0], "summary": {"covered_lines": 0, "num_statements": 0, "percent_covered": 100.0, "percent_covered_display": "100", "missing_lines": 0, "excluded_lines": 0}, "missing_lines": [], "excluded_lines": [], "functions": {"": {"executed_lines": [], "summary": {"covered_lines": 0, "num_statements": 0, "percent_covered": 100.0, "percent_covered_display": "100", "missing_lines": 0, "excluded_lines": 0}, "missing_lines": [], "excluded_lines": []}}, "classes": {"": {"executed_lines": [], "summary": {"covered_lines": 0, "num_statements": 0, "percent_covered": 100.0, "percent_covered_display": "100", "missing_lines": 0, "excluded_lines": 0}, "missing_lines": [], "excluded_lines": []}}}, "backend\\app\\services\\database_service.py": {"executed_lines": [2, 7, 8, 9, 10, 11, 12, 13, 14, 15, 18, 19, 21, 23, 29, 36, 38, 41, 42, 43, 45, 46, 47, 50, 51, 61, 63, 64, 65, 76, 78, 98, 129, 153, 164, 198, 226, 251, 295, 398, 475, 535, 580], "summary": {"covered_lines": 40, "num_statements": 200, "percent_covered": 20.0, "percent_covered_display": "20", "missing_lines": 160, "excluded_lines": 0}, "missing_lines": [66, 68, 71, 73, 80, 81, 83, 84, 85, 86, 89, 90, 92, 93, 94, 96, 102, 103, 104, 107, 109, 110, 114, 118, 120, 121, 122, 123, 126, 127, 131, 132, 133, 134, 136, 137, 141, 142, 144, 145, 146, 147, 150, 151, 155, 156, 157, 158, 159, 160, 175, 176, 177, 180, 196, 200, 212, 213, 215, 216, 236, 237, 238, 240, 254, 255, 258, 259, 260, 262, 263, 264, 267, 268, 269, 271, 272, 273, 276, 277, 278, 281, 283, 284, 285, 288, 289, 290, 292, 293, 309, 318, 321, 323, 344, 346, 347, 349, 350, 353, 354, 355, 363, 364, 365, 366, 367, 368, 369, 370, 371, 373, 394, 396, 400, 405, 421, 422, 424, 427, 428, 429, 431, 432, 441, 442, 443, 444, 445, 446, 447, 448, 449, 451, 487, 488, 489, 493, 501, 503, 513, 516, 519, 540, 541, 543, 544, 545, 547, 549, 551, 562, 563, 564, 574, 576, 582, 583, 584, 585], "excluded_lines": [], "functions": {"DatabaseService.__init__": {"executed_lines": [63, 64, 65, 76], "summary": {"covered_lines": 4, "num_statements": 8, "percent_covered": 50.0, "percent_covered_display": "50", "missing_lines": 4, "excluded_lines": 0}, "missing_lines": [66, 68, 71, 73], "excluded_lines": []}, "DatabaseService._get_connection": {"executed_lines": [], "summary": {"covered_lines": 0, "num_statements": 12, "percent_covered": 0.0, "percent_covered_display": "0", "missing_lines": 12, "excluded_lines": 0}, "missing_lines": [80, 81, 83, 84, 85, 86, 89, 90, 92, 93, 94, 96], "excluded_lines": []}, "DatabaseService._execute_query": {"executed_lines": [], "summary": {"covered_lines": 0, "num_statements": 14, "percent_covered": 0.0, "percent_covered_display": "0", "missing_lines": 14, "excluded_lines": 0}, "missing_lines": [102, 103, 104, 107, 109, 110, 114, 118, 120, 121, 122, 123, 126, 127], "excluded_lines": []}, "DatabaseService._execute_command": {"executed_lines": [], "summary": {"covered_lines": 0, "num_statements": 14, "percent_covered": 0.0, "percent_covered_display": "0", "missing_lines": 14, "excluded_lines": 0}, "missing_lines": [131, 132, 133, 134, 136, 137, 141, 142, 144, 145, 146, 147, 150, 151], "excluded_lines": []}, "DatabaseService.health_check": {"executed_lines": [], "summary": {"covered_lines": 0, "num_statements": 6, "percent_covered": 0.0, "percent_covered_display": "0", "missing_lines": 6, "excluded_lines": 0}, "missing_lines": [155, 156, 157, 158, 159, 160], "excluded_lines": []}, "DatabaseService.create_user": {"executed_lines": [], "summary": {"covered_lines": 0, "num_statements": 5, "percent_covered": 0.0, "percent_covered_display": "0", "missing_lines": 5, "excluded_lines": 0}, "missing_lines": [175, 176, 177, 180, 196], "excluded_lines": []}, "DatabaseService.get_user": {"executed_lines": [], "summary": {"covered_lines": 0, "num_statements": 5, "percent_covered": 0.0, "percent_covered_display": "0", "missing_lines": 5, "excluded_lines": 0}, "missing_lines": [200, 212, 213, 215, 216], "excluded_lines": []}, "DatabaseService.update_user_preferences": {"executed_lines": [], "summary": {"covered_lines": 0, "num_statements": 4, "percent_covered": 0.0, "percent_covered_display": "0", "missing_lines": 4, "excluded_lines": 0}, "missing_lines": [236, 237, 238, 240], "excluded_lines": []}, "DatabaseService._build_event_filters": {"executed_lines": [], "summary": {"covered_lines": 0, "num_statements": 26, "percent_covered": 0.0, "percent_covered_display": "0", "missing_lines": 26, "excluded_lines": 0}, "missing_lines": [254, 255, 258, 259, 260, 262, 263, 264, 267, 268, 269, 271, 272, 273, 276, 277, 278, 281, 283, 284, 285, 288, 289, 290, 292, 293], "excluded_lines": []}, "DatabaseService.get_events": {"executed_lines": [], "summary": {"covered_lines": 0, "num_statements": 24, "percent_covered": 0.0, "percent_covered_display": "0", "missing_lines": 24, "excluded_lines": 0}, "missing_lines": [309, 318, 321, 323, 344, 346, 347, 349, 350, 353, 354, 355, 363, 364, 365, 366, 367, 368, 369, 370, 371, 373, 394, 396], "excluded_lines": []}, "DatabaseService.get_event": {"executed_lines": [], "summary": {"covered_lines": 0, "num_statements": 20, "percent_covered": 0.0, "percent_covered_display": "0", "missing_lines": 20, "excluded_lines": 0}, "missing_lines": [400, 405, 421, 422, 424, 427, 428, 429, 431, 432, 441, 442, 443, 444, 445, 446, 447, 448, 449, 451], "excluded_lines": []}, "DatabaseService.record_interaction": {"executed_lines": [], "summary": {"covered_lines": 0, "num_statements": 9, "percent_covered": 0.0, "percent_covered_display": "0", "missing_lines": 9, "excluded_lines": 0}, "missing_lines": [487, 488, 489, 493, 501, 503, 513, 516, 519], "excluded_lines": []}, "DatabaseService.get_user_interactions": {"executed_lines": [], "summary": {"covered_lines": 0, "num_statements": 13, "percent_covered": 0.0, "percent_covered_display": "0", "missing_lines": 13, "excluded_lines": 0}, "missing_lines": [540, 541, 543, 544, 545, 547, 549, 551, 562, 563, 564, 574, 576], "excluded_lines": []}, "DatabaseService.close": {"executed_lines": [], "summary": {"covered_lines": 0, "num_statements": 4, "percent_covered": 0.0, "percent_covered_display": "0", "missing_lines": 4, "excluded_lines": 0}, "missing_lines": [582, 583, 584, 585], "excluded_lines": []}, "": {"executed_lines": [2, 7, 8, 9, 10, 11, 12, 13, 14, 15, 18, 19, 21, 23, 29, 36, 38, 41, 42, 43, 45, 46, 47, 50, 51, 61, 78, 98, 129, 153, 164, 198, 226, 251, 295, 398, 475, 535, 580], "summary": {"covered_lines": 36, "num_statements": 36, "percent_covered": 100.0, "percent_covered_display": "100", "missing_lines": 0, "excluded_lines": 0}, "missing_lines": [], "excluded_lines": []}}, "classes": {"DatabaseConfig": {"executed_lines": [], "summary": {"covered_lines": 0, "num_statements": 0, "percent_covered": 100.0, "percent_covered_display": "100", "missing_lines": 0, "excluded_lines": 0}, "missing_lines": [], "excluded_lines": []}, "DatabaseService": {"executed_lines": [63, 64, 65, 76], "summary": {"covered_lines": 4, "num_statements": 164, "percent_covered": 2.4390243902439024, "percent_covered_display": "2", "missing_lines": 160, "excluded_lines": 0}, "missing_lines": [66, 68, 71, 73, 80, 81, 83, 84, 85, 86, 89, 90, 92, 93, 94, 96, 102, 103, 104, 107, 109, 110, 114, 118, 120, 121, 122, 123, 126, 127, 131, 132, 133, 134, 136, 137, 141, 142, 144, 145, 146, 147, 150, 151, 155, 156, 157, 158, 159, 160, 175, 176, 177, 180, 196, 200, 212, 213, 215, 216, 236, 237, 238, 240, 254, 255, 258, 259, 260, 262, 263, 264, 267, 268, 269, 271, 272, 273, 276, 277, 278, 281, 283, 284, 285, 288, 289, 290, 292, 293, 309, 318, 321, 323, 344, 346, 347, 349, 350, 353, 354, 355, 363, 364, 365, 366, 367, 368, 369, 370, 371, 373, 394, 396, 400, 405, 421, 422, 424, 427, 428, 429, 431, 432, 441, 442, 443, 444, 445, 446, 447, 448, 449, 451, 487, 488, 489, 493, 501, 503, 513, 516, 519, 540, 541, 543, 544, 545, 547, 549, 551, 562, 563, 564, 574, 576, 582, 583, 584, 585], "excluded_lines": []}, "": {"executed_lines": [2, 7, 8, 9, 10, 11, 12, 13, 14, 15, 18, 19, 21, 23, 29, 36, 38, 41, 42, 43, 45, 46, 47, 50, 51, 61, 78, 98, 129, 153, 164, 198, 226, 251, 295, 398, 475, 535, 580], "summary": {"covered_lines": 36, "num_statements": 36, "percent_covered": 100.0, "percent_covered_display": "100", "missing_lines": 0, "excluded_lines": 0}, "missing_lines": [], "excluded_lines": []}}}, "data-collection\\__init__.py": {"executed_lines": [], "summary": {"covered_lines": 0, "num_statements": 0, "percent_covered": 100.0, "percent_covered_display": "100", "missing_lines": 0, "excluded_lines": 0}, "missing_lines": [], "excluded_lines": [], "functions": {"": {"executed_lines": [], "summary": {"covered_lines": 0, "num_statements": 0, "percent_covered": 100.0, "percent_covered_display": "100", "missing_lines": 0, "excluded_lines": 0}, "missing_lines": [], "excluded_lines": []}}, "classes": {"": {"executed_lines": [], "summary": {"covered_lines": 0, "num_statements": 0, "percent_covered": 100.0, "percent_covered_display": "100", "missing_lines": 0, "excluded_lines": 0}, "missing_lines": [], "excluded_lines": []}}}, "data-collection\\deduplication\\__init__.py": {"executed_lines": [0], "summary": {"covered_lines": 0, "num_statements": 0, "percent_covered": 100.0, "percent_covered_display": "100", "missing_lines": 0, "excluded_lines": 0}, "missing_lines": [], "excluded_lines": [], "functions": {"": {"executed_lines": [], "summary": {"covered_lines": 0, "num_statements": 0, "percent_covered": 100.0, "percent_covered_display": "100", "missing_lines": 0, "excluded_lines": 0}, "missing_lines": [], "excluded_lines": []}}, "classes": {"": {"executed_lines": [], "summary": {"covered_lines": 0, "num_statements": 0, "percent_covered": 100.0, "percent_covered_display": "100", "missing_lines": 0, "excluded_lines": 0}, "missing_lines": [], "excluded_lines": []}}}, "data-collection\\deduplication\\duplicate_detector.py": {"executed_lines": [2, 7, 8, 9, 10, 11, 12, 13, 14, 15, 16, 17], "summary": {"covered_lines": 11, "num_statements": 338, "percent_covered": 3.2544378698224854, "percent_covered_display": "3", "missing_lines": 327, "excluded_lines": 0}, "missing_lines": [18, 19, 20, 22, 23, 26, 27, 30, 31, 32, 33, 34, 35, 38, 39, 42, 43, 44, 45, 46, 47, 50, 53, 57, 65, 75, 80, 81, 83, 94, 96, 97, 107, 110, 113, 114, 115, 116, 117, 120, 121, 124, 127, 128, 131, 133, 137, 146, 149, 151, 153, 156, 157, 160, 163, 166, 171, 172, 173, 179, 182, 183, 184, 185, 186, 189, 190, 191, 194, 195, 196, 197, 199, 201, 203, 205, 208, 210, 212, 214, 215, 216, 218, 220, 221, 224, 226, 229, 231, 232, 233, 234, 236, 238, 239, 243, 252, 254, 256, 261, 264, 266, 267, 268, 269, 272, 273, 276, 280, 281, 284, 285, 288, 289, 293, 303, 305, 307, 310, 313, 318, 323, 328, 333, 338, 343, 349, 351, 354, 355, 360, 365, 368, 369, 370, 371, 373, 376, 378, 380, 383, 384, 387, 388, 391, 394, 395, 396, 399, 400, 402, 404, 409, 410, 413, 416, 417, 418, 419, 420, 421, 422, 424, 427, 428, 429, 430, 431, 433, 435, 440, 441, 443, 444, 446, 447, 448, 449, 450, 451, 452, 453, 455, 457, 458, 460, 463, 464, 466, 467, 470, 471, 474, 475, 477, 478, 480, 483, 484, 485, 486, 487, 488, 489, 492, 493, 494, 495, 497, 499, 502, 503, 506, 509, 512, 515, 531, 533, 535, 538, 539, 541, 544, 545, 546, 547, 550, 551, 552, 553, 556, 563, 564, 565, 567, 569, 573, 582, 583, 585, 586, 587, 589, 591, 594, 595, 596, 597, 598, 599, 601, 603, 606, 607, 609, 610, 611, 612, 614, 615, 616, 617, 619, 620, 621, 622, 624, 625, 626, 627, 629, 630, 632, 633, 635, 637, 641, 642, 644, 646, 647, 648, 649, 650, 653, 654, 656, 657, 658, 659, 661, 662, 663, 664, 665, 668, 669, 670, 672, 673, 675, 677, 682, 683, 686, 687, 690, 693, 697, 707, 710, 713, 746, 748, 749, 750, 751, 752, 754, 755, 757, 758, 759, 760, 761, 764, 765], "excluded_lines": [], "functions": {"EventDuplicateDetector.__init__": {"executed_lines": [], "summary": {"covered_lines": 0, "num_statements": 5, "percent_covered": 0.0, "percent_covered_display": "0", "missing_lines": 5, "excluded_lines": 0}, "missing_lines": [57, 65, 75, 80, 81], "excluded_lines": []}, "EventDuplicateDetector.detect_duplicates": {"executed_lines": [], "summary": {"covered_lines": 0, "num_statements": 18, "percent_covered": 0.0, "percent_covered_display": "0", "missing_lines": 18, "excluded_lines": 0}, "missing_lines": [94, 96, 97, 107, 110, 113, 114, 115, 116, 117, 120, 121, 124, 127, 128, 131, 133, 137], "excluded_lines": []}, "EventDuplicateDetector._preprocess_events": {"executed_lines": [], "summary": {"covered_lines": 0, "num_statements": 27, "percent_covered": 0.0, "percent_covered_display": "0", "missing_lines": 27, "excluded_lines": 0}, "missing_lines": [149, 151, 153, 156, 157, 160, 163, 166, 171, 172, 173, 179, 182, 183, 184, 185, 186, 189, 190, 191, 194, 195, 196, 197, 199, 201, 203], "excluded_lines": []}, "EventDuplicateDetector._cluster_by_venue_time": {"executed_lines": [], "summary": {"covered_lines": 0, "num_statements": 10, "percent_covered": 0.0, "percent_covered_display": "0", "missing_lines": 10, "excluded_lines": 0}, "missing_lines": [208, 210, 212, 214, 215, 216, 218, 220, 221, 224], "excluded_lines": []}, "EventDuplicateDetector._find_duplicates_in_cluster": {"executed_lines": [], "summary": {"covered_lines": 0, "num_statements": 11, "percent_covered": 0.0, "percent_covered_display": "0", "missing_lines": 11, "excluded_lines": 0}, "missing_lines": [229, 231, 232, 233, 234, 236, 238, 239, 243, 252, 254], "excluded_lines": []}, "EventDuplicateDetector._find_cross_cluster_duplicates": {"executed_lines": [], "summary": {"covered_lines": 0, "num_statements": 18, "percent_covered": 0.0, "percent_covered_display": "0", "missing_lines": 18, "excluded_lines": 0}, "missing_lines": [261, 264, 266, 267, 268, 269, 272, 273, 276, 280, 281, 284, 285, 288, 289, 293, 303, 305], "excluded_lines": []}, "EventDuplicateDetector._calculate_event_similarity": {"executed_lines": [], "summary": {"covered_lines": 0, "num_statements": 9, "percent_covered": 0.0, "percent_covered_display": "0", "missing_lines": 9, "excluded_lines": 0}, "missing_lines": [310, 313, 318, 323, 328, 333, 338, 343, 349], "excluded_lines": []}, "EventDuplicateDetector._text_similarity": {"executed_lines": [], "summary": {"covered_lines": 0, "num_statements": 11, "percent_covered": 0.0, "percent_covered_display": "0", "missing_lines": 11, "excluded_lines": 0}, "missing_lines": [354, 355, 360, 365, 368, 369, 370, 371, 373, 376, 378], "excluded_lines": []}, "EventDuplicateDetector._venue_similarity": {"executed_lines": [], "summary": {"covered_lines": 0, "num_statements": 11, "percent_covered": 0.0, "percent_covered_display": "0", "missing_lines": 11, "excluded_lines": 0}, "missing_lines": [383, 384, 387, 388, 391, 394, 395, 396, 399, 400, 402], "excluded_lines": []}, "EventDuplicateDetector._time_similarity": {"executed_lines": [], "summary": {"covered_lines": 0, "num_statements": 17, "percent_covered": 0.0, "percent_covered_display": "0", "missing_lines": 17, "excluded_lines": 0}, "missing_lines": [409, 410, 413, 416, 417, 418, 419, 420, 421, 422, 424, 427, 428, 429, 430, 431, 433], "excluded_lines": []}, "EventDuplicateDetector._location_similarity": {"executed_lines": [], "summary": {"covered_lines": 0, "num_statements": 15, "percent_covered": 0.0, "percent_covered_display": "0", "missing_lines": 15, "excluded_lines": 0}, "missing_lines": [440, 441, 443, 444, 446, 447, 448, 449, 450, 451, 452, 453, 455, 457, 458], "excluded_lines": []}, "EventDuplicateDetector._artist_similarity": {"executed_lines": [], "summary": {"covered_lines": 0, "num_statements": 23, "percent_covered": 0.0, "percent_covered_display": "0", "missing_lines": 23, "excluded_lines": 0}, "missing_lines": [463, 464, 466, 467, 470, 471, 474, 475, 477, 478, 480, 483, 484, 485, 486, 487, 488, 489, 492, 493, 494, 495, 497], "excluded_lines": []}, "EventDuplicateDetector._normalize_text": {"executed_lines": [], "summary": {"covered_lines": 0, "num_statements": 8, "percent_covered": 0.0, "percent_covered_display": "0", "missing_lines": 8, "excluded_lines": 0}, "missing_lines": [502, 503, 506, 509, 512, 515, 531, 533], "excluded_lines": []}, "EventDuplicateDetector._normalize_venue_name": {"executed_lines": [], "summary": {"covered_lines": 0, "num_statements": 16, "percent_covered": 0.0, "percent_covered_display": "0", "missing_lines": 16, "excluded_lines": 0}, "missing_lines": [538, 539, 541, 544, 545, 546, 547, 550, 551, 552, 553, 556, 563, 564, 565, 567], "excluded_lines": []}, "EventDuplicateDetector._get_venue_variations": {"executed_lines": [], "summary": {"covered_lines": 0, "num_statements": 7, "percent_covered": 0.0, "percent_covered_display": "0", "missing_lines": 7, "excluded_lines": 0}, "missing_lines": [573, 582, 583, 585, 586, 587, 589], "excluded_lines": []}, "EventDuplicateDetector._classify_match_confidence": {"executed_lines": [], "summary": {"covered_lines": 0, "num_statements": 7, "percent_covered": 0.0, "percent_covered_display": "0", "missing_lines": 7, "excluded_lines": 0}, "missing_lines": [594, 595, 596, 597, 598, 599, 601], "excluded_lines": []}, "EventDuplicateDetector._generate_match_reasons": {"executed_lines": [], "summary": {"covered_lines": 0, "num_statements": 23, "percent_covered": 0.0, "percent_covered_display": "0", "missing_lines": 23, "excluded_lines": 0}, "missing_lines": [606, 607, 609, 610, 611, 612, 614, 615, 616, 617, 619, 620, 621, 622, 624, 625, 626, 627, 629, 630, 632, 633, 635], "excluded_lines": []}, "EventDuplicateDetector._group_duplicates": {"executed_lines": [], "summary": {"covered_lines": 0, "num_statements": 25, "percent_covered": 0.0, "percent_covered_display": "0", "missing_lines": 25, "excluded_lines": 0}, "missing_lines": [641, 642, 644, 646, 647, 648, 649, 650, 653, 654, 656, 657, 658, 659, 661, 662, 663, 664, 665, 668, 669, 670, 672, 673, 675], "excluded_lines": []}, "EventDuplicateDetector._calculate_confidence_scores": {"executed_lines": [], "summary": {"covered_lines": 0, "num_statements": 7, "percent_covered": 0.0, "percent_covered_display": "0", "missing_lines": 7, "excluded_lines": 0}, "missing_lines": [682, 683, 686, 687, 690, 693, 697], "excluded_lines": []}, "main": {"executed_lines": [], "summary": {"covered_lines": 0, "num_statements": 15, "percent_covered": 0.0, "percent_covered_display": "0", "missing_lines": 15, "excluded_lines": 0}, "missing_lines": [710, 713, 746, 748, 749, 750, 751, 752, 754, 755, 757, 758, 759, 760, 761], "excluded_lines": []}, "": {"executed_lines": [2, 7, 8, 9, 10, 11, 12, 13, 14, 15, 16, 17], "summary": {"covered_lines": 11, "num_statements": 55, "percent_covered": 20.0, "percent_covered_display": "20", "missing_lines": 44, "excluded_lines": 0}, "missing_lines": [18, 19, 20, 22, 23, 26, 27, 30, 31, 32, 33, 34, 35, 38, 39, 42, 43, 44, 45, 46, 47, 50, 53, 83, 146, 205, 226, 256, 307, 351, 380, 404, 435, 460, 499, 535, 569, 591, 603, 637, 677, 707, 764, 765], "excluded_lines": []}}, "classes": {"DuplicateMatch": {"executed_lines": [], "summary": {"covered_lines": 0, "num_statements": 0, "percent_covered": 100.0, "percent_covered_display": "100", "missing_lines": 0, "excluded_lines": 0}, "missing_lines": [], "excluded_lines": []}, "DeduplicationResult": {"executed_lines": [], "summary": {"covered_lines": 0, "num_statements": 0, "percent_covered": 100.0, "percent_covered_display": "100", "missing_lines": 0, "excluded_lines": 0}, "missing_lines": [], "excluded_lines": []}, "EventDuplicateDetector": {"executed_lines": [], "summary": {"covered_lines": 0, "num_statements": 268, "percent_covered": 0.0, "percent_covered_display": "0", "missing_lines": 268, "excluded_lines": 0}, "missing_lines": [57, 65, 75, 80, 81, 94, 96, 97, 107, 110, 113, 114, 115, 116, 117, 120, 121, 124, 127, 128, 131, 133, 137, 149, 151, 153, 156, 157, 160, 163, 166, 171, 172, 173, 179, 182, 183, 184, 185, 186, 189, 190, 191, 194, 195, 196, 197, 199, 201, 203, 208, 210, 212, 214, 215, 216, 218, 220, 221, 224, 229, 231, 232, 233, 234, 236, 238, 239, 243, 252, 254, 261, 264, 266, 267, 268, 269, 272, 273, 276, 280, 281, 284, 285, 288, 289, 293, 303, 305, 310, 313, 318, 323, 328, 333, 338, 343, 349, 354, 355, 360, 365, 368, 369, 370, 371, 373, 376, 378, 383, 384, 387, 388, 391, 394, 395, 396, 399, 400, 402, 409, 410, 413, 416, 417, 418, 419, 420, 421, 422, 424, 427, 428, 429, 430, 431, 433, 440, 441, 443, 444, 446, 447, 448, 449, 450, 451, 452, 453, 455, 457, 458, 463, 464, 466, 467, 470, 471, 474, 475, 477, 478, 480, 483, 484, 485, 486, 487, 488, 489, 492, 493, 494, 495, 497, 502, 503, 506, 509, 512, 515, 531, 533, 538, 539, 541, 544, 545, 546, 547, 550, 551, 552, 553, 556, 563, 564, 565, 567, 573, 582, 583, 585, 586, 587, 589, 594, 595, 596, 597, 598, 599, 601, 606, 607, 609, 610, 611, 612, 614, 615, 616, 617, 619, 620, 621, 622, 624, 625, 626, 627, 629, 630, 632, 633, 635, 641, 642, 644, 646, 647, 648, 649, 650, 653, 654, 656, 657, 658, 659, 661, 662, 663, 664, 665, 668, 669, 670, 672, 673, 675, 682, 683, 686, 687, 690, 693, 697], "excluded_lines": []}, "": {"executed_lines": [2, 7, 8, 9, 10, 11, 12, 13, 14, 15, 16, 17], "summary": {"covered_lines": 11, "num_statements": 70, "percent_covered": 15.714285714285714, "percent_covered_display": "16", "missing_lines": 59, "excluded_lines": 0}, "missing_lines": [18, 19, 20, 22, 23, 26, 27, 30, 31, 32, 33, 34, 35, 38, 39, 42, 43, 44, 45, 46, 47, 50, 53, 83, 146, 205, 226, 256, 307, 351, 380, 404, 435, 460, 499, 535, 569, 591, 603, 637, 677, 707, 710, 713, 746, 748, 749, 750, 751, 752, 754, 755, 757, 758, 759, 760, 761, 764, 765], "excluded_lines": []}}}, "data-collection\\enrichment\\__init__.py": {"executed_lines": [0], "summary": {"covered_lines": 0, "num_statements": 0, "percent_covered": 100.0, "percent_covered_display": "100", "missing_lines": 0, "excluded_lines": 0}, "missing_lines": [], "excluded_lines": [], "functions": {"": {"executed_lines": [], "summary": {"covered_lines": 0, "num_statements": 0, "percent_covered": 100.0, "percent_covered_display": "100", "missing_lines": 0, "excluded_lines": 0}, "missing_lines": [], "excluded_lines": []}}, "classes": {"": {"executed_lines": [], "summary": {"covered_lines": 0, "num_statements": 0, "percent_covered": 100.0, "percent_covered_display": "100", "missing_lines": 0, "excluded_lines": 0}, "missing_lines": [], "excluded_lines": []}}}, "data-collection\\enrichment\\artist_genre_enricher.py": {"executed_lines": [2, 7, 8, 9, 10, 11, 12, 13, 14, 15, 16, 17, 18, 19, 21, 22, 25, 26, 27, 29, 30, 31, 32, 33, 34, 35, 36, 37, 40, 41, 42, 44, 45, 46, 47, 48, 51, 52, 54, 71, 72, 73, 75, 76, 79, 80, 83, 84, 87, 88, 91, 94, 97, 98, 99, 100, 102, 116, 117, 121, 130, 132, 133, 135, 136, 140, 141, 144, 145, 151, 153, 155, 156, 157, 161, 167, 168, 169, 172, 173, 176, 179, 184, 186, 194, 227, 231, 234, 235, 236, 240, 241, 242, 246, 248, 250, 253, 256, 260, 261, 264, 266, 269, 271, 272, 322, 390, 394, 396, 403, 408, 411, 412, 415, 418, 421, 424, 427, 431, 435, 437, 442, 446, 447, 449, 451, 452, 455, 458, 461, 462, 464, 466, 469, 477, 478, 480, 486, 488, 497, 498, 504, 512, 520, 522, 523, 524, 525, 526, 529, 531, 533, 534, 535, 536, 540, 544, 568, 571, 572, 574, 578, 579, 581, 600, 603, 605, 619, 621, 624, 627, 628, 630, 631, 634, 636, 639, 640, 643, 647, 653, 655, 658, 697, 700, 731, 761], "summary": {"covered_lines": 182, "num_statements": 323, "percent_covered": 56.34674922600619, "percent_covered_display": "56", "missing_lines": 141, "excluded_lines": 0}, "missing_lines": [119, 122, 137, 146, 147, 148, 158, 162, 163, 164, 197, 200, 202, 203, 204, 207, 217, 218, 219, 221, 222, 223, 225, 237, 243, 257, 262, 275, 278, 279, 281, 282, 284, 285, 288, 290, 291, 293, 294, 295, 297, 300, 301, 302, 303, 305, 306, 307, 309, 318, 319, 320, 325, 327, 330, 331, 338, 340, 341, 344, 346, 348, 349, 350, 352, 355, 356, 357, 358, 361, 362, 363, 364, 365, 367, 370, 371, 372, 373, 375, 377, 386, 387, 388, 428, 443, 448, 450, 474, 489, 490, 491, 492, 495, 500, 501, 502, 506, 507, 508, 509, 510, 514, 515, 516, 517, 518, 527, 528, 537, 538, 584, 585, 586, 587, 589, 596, 598, 606, 607, 609, 612, 613, 616, 625, 632, 644, 651, 735, 738, 746, 748, 749, 751, 752, 753, 754, 756, 757, 758, 762], "excluded_lines": [], "functions": {"ArtistGenreEnricher.__init__": {"executed_lines": [71, 72, 73, 75, 76, 79, 80, 83, 84, 87, 88, 91, 94, 97, 98, 99, 100], "summary": {"covered_lines": 17, "num_statements": 17, "percent_covered": 100.0, "percent_covered_display": "100", "missing_lines": 0, "excluded_lines": 0}, "missing_lines": [], "excluded_lines": []}, "ArtistGenreEnricher.enrich_event_artists": {"executed_lines": [116, 117, 121, 130, 132, 133, 135, 136, 140, 141, 144, 145, 151, 153, 155, 156, 157, 161, 167, 168, 169, 172, 173, 176, 179, 184, 186], "summary": {"covered_lines": 27, "num_statements": 37, "percent_covered": 72.97297297297297, "percent_covered_display": "73", "missing_lines": 10, "excluded_lines": 0}, "missing_lines": [119, 122, 137, 146, 147, 148, 158, 162, 163, 164], "excluded_lines": []}, "ArtistGenreEnricher._extract_artists_from_text": {"executed_lines": [], "summary": {"covered_lines": 0, "num_statements": 13, "percent_covered": 0.0, "percent_covered_display": "0", "missing_lines": 13, "excluded_lines": 0}, "missing_lines": [197, 200, 202, 203, 204, 207, 217, 218, 219, 221, 222, 223, 225], "excluded_lines": []}, "ArtistGenreEnricher._clean_artist_name": {"executed_lines": [231, 234, 235, 236, 240, 241, 242, 246, 248], "summary": {"covered_lines": 9, "num_statements": 11, "percent_covered": 81.81818181818181, "percent_covered_display": "82", "missing_lines": 2, "excluded_lines": 0}, "missing_lines": [237, 243], "excluded_lines": []}, "ArtistGenreEnricher._get_canonical_artist_name": {"executed_lines": [253, 256, 260, 261, 264], "summary": {"covered_lines": 5, "num_statements": 7, "percent_covered": 71.42857142857143, "percent_covered_display": "71", "missing_lines": 2, "excluded_lines": 0}, "missing_lines": [257, 262], "excluded_lines": []}, "ArtistGenreEnricher._enrich_with_spotify": {"executed_lines": [269, 271, 272], "summary": {"covered_lines": 3, "num_statements": 28, "percent_covered": 10.714285714285714, "percent_covered_display": "11", "missing_lines": 25, "excluded_lines": 0}, "missing_lines": [275, 278, 279, 281, 282, 284, 285, 288, 290, 291, 293, 294, 295, 297, 300, 301, 302, 303, 305, 306, 307, 309, 318, 319, 320], "excluded_lines": []}, "ArtistGenreEnricher._enrich_with_lastfm": {"executed_lines": [], "summary": {"covered_lines": 0, "num_statements": 32, "percent_covered": 0.0, "percent_covered_display": "0", "missing_lines": 32, "excluded_lines": 0}, "missing_lines": [325, 327, 330, 331, 338, 340, 341, 344, 346, 348, 349, 350, 352, 355, 356, 357, 358, 361, 362, 363, 364, 365, 367, 370, 371, 372, 373, 375, 377, 386, 387, 388], "excluded_lines": []}, "ArtistGenreEnricher._create_basic_artist_info": {"executed_lines": [394, 396], "summary": {"covered_lines": 2, "num_statements": 2, "percent_covered": 100.0, "percent_covered_display": "100", "missing_lines": 0, "excluded_lines": 0}, "missing_lines": [], "excluded_lines": []}, "ArtistGenreEnricher._enhance_genres": {"executed_lines": [408, 411, 412, 415, 418, 421, 424, 427, 431, 435], "summary": {"covered_lines": 10, "num_statements": 11, "percent_covered": 90.9090909090909, "percent_covered_display": "91", "missing_lines": 1, "excluded_lines": 0}, "missing_lines": [428], "excluded_lines": []}, "ArtistGenreEnricher._calculate_enrichment_confidence": {"executed_lines": [442, 446, 447, 449, 451, 452, 455, 458, 461, 462, 464], "summary": {"covered_lines": 11, "num_statements": 14, "percent_covered": 78.57142857142857, "percent_covered_display": "79", "missing_lines": 3, "excluded_lines": 0}, "missing_lines": [443, 448, 450], "excluded_lines": []}, "ArtistGenreEnricher._ensure_spotify_token": {"executed_lines": [469, 477, 478, 480, 486, 488, 497, 498], "summary": {"covered_lines": 8, "num_statements": 17, "percent_covered": 47.05882352941177, "percent_covered_display": "47", "missing_lines": 9, "excluded_lines": 0}, "missing_lines": [474, 489, 490, 491, 492, 495, 500, 501, 502], "excluded_lines": []}, "ArtistGenreEnricher._rate_limit_spotify": {"executed_lines": [], "summary": {"covered_lines": 0, "num_statements": 5, "percent_covered": 0.0, "percent_covered_display": "0", "missing_lines": 5, "excluded_lines": 0}, "missing_lines": [506, 507, 508, 509, 510], "excluded_lines": []}, "ArtistGenreEnricher._rate_limit_lastfm": {"executed_lines": [], "summary": {"covered_lines": 0, "num_statements": 5, "percent_covered": 0.0, "percent_covered_display": "0", "missing_lines": 5, "excluded_lines": 0}, "missing_lines": [514, 515, 516, 517, 518], "excluded_lines": []}, "ArtistGenreEnricher._load_cache": {"executed_lines": [522, 523, 524, 525, 526, 529], "summary": {"covered_lines": 6, "num_statements": 8, "percent_covered": 75.0, "percent_covered_display": "75", "missing_lines": 2, "excluded_lines": 0}, "missing_lines": [527, 528], "excluded_lines": []}, "ArtistGenreEnricher._save_cache": {"executed_lines": [533, 534, 535, 536], "summary": {"covered_lines": 4, "num_statements": 6, "percent_covered": 66.66666666666667, "percent_covered_display": "67", "missing_lines": 2, "excluded_lines": 0}, "missing_lines": [537, 538], "excluded_lines": []}, "ArtistGenreEnricher._load_artist_mappings": {"executed_lines": [544, 568], "summary": {"covered_lines": 2, "num_statements": 2, "percent_covered": 100.0, "percent_covered_display": "100", "missing_lines": 0, "excluded_lines": 0}, "missing_lines": [], "excluded_lines": []}, "GenreClassifier.__init__": {"executed_lines": [578, 579], "summary": {"covered_lines": 2, "num_statements": 2, "percent_covered": 100.0, "percent_covered_display": "100", "missing_lines": 0, "excluded_lines": 0}, "missing_lines": [], "excluded_lines": []}, "GenreClassifier.clean_genres": {"executed_lines": [], "summary": {"covered_lines": 0, "num_statements": 7, "percent_covered": 0.0, "percent_covered_display": "0", "missing_lines": 7, "excluded_lines": 0}, "missing_lines": [584, 585, 586, 587, 589, 596, 598], "excluded_lines": []}, "GenreClassifier.clean_and_standardize_genres": {"executed_lines": [603, 605, 619], "summary": {"covered_lines": 3, "num_statements": 9, "percent_covered": 33.333333333333336, "percent_covered_display": "33", "missing_lines": 6, "excluded_lines": 0}, "missing_lines": [606, 607, 609, 612, 613, 616], "excluded_lines": []}, "GenreClassifier.extract_genres_from_text": {"executed_lines": [624, 627, 628, 630, 631, 634], "summary": {"covered_lines": 6, "num_statements": 8, "percent_covered": 75.0, "percent_covered_display": "75", "missing_lines": 2, "excluded_lines": 0}, "missing_lines": [625, 632], "excluded_lines": []}, "GenreClassifier.infer_genres_from_name": {"executed_lines": [639, 640, 643, 647, 653], "summary": {"covered_lines": 5, "num_statements": 7, "percent_covered": 71.42857142857143, "percent_covered_display": "71", "missing_lines": 2, "excluded_lines": 0}, "missing_lines": [644, 651], "excluded_lines": []}, "GenreClassifier._load_genre_mappings": {"executed_lines": [658], "summary": {"covered_lines": 1, "num_statements": 1, "percent_covered": 100.0, "percent_covered_display": "100", "missing_lines": 0, "excluded_lines": 0}, "missing_lines": [], "excluded_lines": []}, "GenreClassifier._load_genre_patterns": {"executed_lines": [700], "summary": {"covered_lines": 1, "num_statements": 1, "percent_covered": 100.0, "percent_covered_display": "100", "missing_lines": 0, "excluded_lines": 0}, "missing_lines": [], "excluded_lines": []}, "main": {"executed_lines": [], "summary": {"covered_lines": 0, "num_statements": 12, "percent_covered": 0.0, "percent_covered_display": "0", "missing_lines": 12, "excluded_lines": 0}, "missing_lines": [735, 738, 746, 748, 749, 751, 752, 753, 754, 756, 757, 758], "excluded_lines": []}, "": {"executed_lines": [2, 7, 8, 9, 10, 11, 12, 13, 14, 15, 16, 17, 18, 19, 21, 22, 25, 26, 27, 29, 30, 31, 32, 33, 34, 35, 36, 37, 40, 41, 42, 44, 45, 46, 47, 48, 51, 52, 54, 102, 194, 227, 250, 266, 322, 390, 403, 437, 466, 504, 512, 520, 531, 540, 571, 572, 574, 581, 600, 621, 636, 655, 697, 731, 761], "summary": {"covered_lines": 60, "num_statements": 61, "percent_covered": 98.36065573770492, "percent_covered_display": "98", "missing_lines": 1, "excluded_lines": 0}, "missing_lines": [762], "excluded_lines": []}}, "classes": {"ArtistInfo": {"executed_lines": [], "summary": {"covered_lines": 0, "num_statements": 0, "percent_covered": 100.0, "percent_covered_display": "100", "missing_lines": 0, "excluded_lines": 0}, "missing_lines": [], "excluded_lines": []}, "EnrichmentResult": {"executed_lines": [], "summary": {"covered_lines": 0, "num_statements": 0, "percent_covered": 100.0, "percent_covered_display": "100", "missing_lines": 0, "excluded_lines": 0}, "missing_lines": [], "excluded_lines": []}, "ArtistGenreEnricher": {"executed_lines": [71, 72, 73, 75, 76, 79, 80, 83, 84, 87, 88, 91, 94, 97, 98, 99, 100, 116, 117, 121, 130, 132, 133, 135, 136, 140, 141, 144, 145, 151, 153, 155, 156, 157, 161, 167, 168, 169, 172, 173, 176, 179, 184, 186, 231, 234, 235, 236, 240, 241, 242, 246, 248, 253, 256, 260, 261, 264, 269, 271, 272, 394, 396, 408, 411, 412, 415, 418, 421, 424, 427, 431, 435, 442, 446, 447, 449, 451, 452, 455, 458, 461, 462, 464, 469, 477, 478, 480, 486, 488, 497, 498, 522, 523, 524, 525, 526, 529, 533, 534, 535, 536, 544, 568], "summary": {"covered_lines": 104, "num_statements": 215, "percent_covered": 48.372093023255815, "percent_covered_display": "48", "missing_lines": 111, "excluded_lines": 0}, "missing_lines": [119, 122, 137, 146, 147, 148, 158, 162, 163, 164, 197, 200, 202, 203, 204, 207, 217, 218, 219, 221, 222, 223, 225, 237, 243, 257, 262, 275, 278, 279, 281, 282, 284, 285, 288, 290, 291, 293, 294, 295, 297, 300, 301, 302, 303, 305, 306, 307, 309, 318, 319, 320, 325, 327, 330, 331, 338, 340, 341, 344, 346, 348, 349, 350, 352, 355, 356, 357, 358, 361, 362, 363, 364, 365, 367, 370, 371, 372, 373, 375, 377, 386, 387, 388, 428, 443, 448, 450, 474, 489, 490, 491, 492, 495, 500, 501, 502, 506, 507, 508, 509, 510, 514, 515, 516, 517, 518, 527, 528, 537, 538], "excluded_lines": []}, "GenreClassifier": {"executed_lines": [578, 579, 603, 605, 619, 624, 627, 628, 630, 631, 634, 639, 640, 643, 647, 653, 658, 700], "summary": {"covered_lines": 18, "num_statements": 35, "percent_covered": 51.42857142857143, "percent_covered_display": "51", "missing_lines": 17, "excluded_lines": 0}, "missing_lines": [584, 585, 586, 587, 589, 596, 598, 606, 607, 609, 612, 613, 616, 625, 632, 644, 651], "excluded_lines": []}, "": {"executed_lines": [2, 7, 8, 9, 10, 11, 12, 13, 14, 15, 16, 17, 18, 19, 21, 22, 25, 26, 27, 29, 30, 31, 32, 33, 34, 35, 36, 37, 40, 41, 42, 44, 45, 46, 47, 48, 51, 52, 54, 102, 194, 227, 250, 266, 322, 390, 403, 437, 466, 504, 512, 520, 531, 540, 571, 572, 574, 581, 600, 621, 636, 655, 697, 731, 761], "summary": {"covered_lines": 60, "num_statements": 73, "percent_covered": 82.1917808219178, "percent_covered_display": "82", "missing_lines": 13, "excluded_lines": 0}, "missing_lines": [735, 738, 746, 748, 749, 751, 752, 753, 754, 756, 757, 758, 762], "excluded_lines": []}}}, "data-collection\\nlp_utils.py": {"executed_lines": [], "summary": {"covered_lines": 0, "num_statements": 168, "percent_covered": 0.0, "percent_covered_display": "0", "missing_lines": 168, "excluded_lines": 0}, "missing_lines": [7, 8, 9, 10, 11, 13, 14, 16, 17, 18, 19, 23, 24, 27, 28, 31, 32, 33, 36, 37, 40, 41, 42, 43, 44, 47, 50, 51, 52, 54, 55, 57, 62, 63, 64, 65, 67, 70, 73, 74, 79, 81, 84, 91, 92, 93, 95, 96, 98, 106, 107, 109, 111, 112, 115, 116, 117, 119, 121, 124, 125, 128, 129, 130, 133, 134, 137, 138, 140, 143, 144, 146, 149, 196, 197, 198, 199, 201, 203, 206, 256, 258, 261, 262, 264, 265, 267, 268, 269, 270, 271, 278, 279, 280, 282, 284, 289, 290, 291, 292, 294, 295, 296, 298, 299, 300, 302, 303, 304, 306, 307, 309, 310, 312, 313, 315, 316, 317, 319, 320, 322, 324, 327, 346, 347, 348, 350, 351, 352, 354, 356, 359, 362, 363, 365, 366, 373, 375, 377, 381, 388, 389, 390, 391, 392, 393, 394, 396, 398, 401, 422, 423, 424, 425, 427, 430, 433, 436, 443, 444, 445, 446, 451, 452, 455, 456, 459, 460], "excluded_lines": [], "functions": {"EventNLPExtractor.__init__": {"executed_lines": [], "summary": {"covered_lines": 0, "num_statements": 9, "percent_covered": 0.0, "percent_covered_display": "0", "missing_lines": 9, "excluded_lines": 0}, "missing_lines": [51, 52, 54, 55, 57, 62, 63, 64, 65], "excluded_lines": []}, "EventNLPExtractor.extract_datetime": {"executed_lines": [], "summary": {"covered_lines": 0, "num_statements": 4, "percent_covered": 0.0, "percent_covered_display": "0", "missing_lines": 4, "excluded_lines": 0}, "missing_lines": [70, 73, 74, 79], "excluded_lines": []}, "EventNLPExtractor.extract_entities": {"executed_lines": [], "summary": {"covered_lines": 0, "num_statements": 16, "percent_covered": 0.0, "percent_covered_display": "0", "missing_lines": 16, "excluded_lines": 0}, "missing_lines": [84, 91, 92, 93, 95, 96, 98, 106, 107, 109, 111, 112, 115, 116, 117, 119], "excluded_lines": []}, "EventNLPExtractor.extract_artists": {"executed_lines": [], "summary": {"covered_lines": 0, "num_statements": 9, "percent_covered": 0.0, "percent_covered_display": "0", "missing_lines": 9, "excluded_lines": 0}, "missing_lines": [124, 125, 128, 129, 130, 133, 134, 137, 138], "excluded_lines": []}, "EventNLPExtractor.extract_genres": {"executed_lines": [], "summary": {"covered_lines": 0, "num_statements": 9, "percent_covered": 0.0, "percent_covered_display": "0", "missing_lines": 9, "excluded_lines": 0}, "missing_lines": [143, 144, 146, 149, 196, 197, 198, 199, 201], "excluded_lines": []}, "EventNLPExtractor._compile_date_patterns": {"executed_lines": [], "summary": {"covered_lines": 0, "num_statements": 2, "percent_covered": 0.0, "percent_covered_display": "0", "missing_lines": 2, "excluded_lines": 0}, "missing_lines": [206, 256], "excluded_lines": []}, "EventNLPExtractor._extract_datetime_regex": {"executed_lines": [], "summary": {"covered_lines": 0, "num_statements": 13, "percent_covered": 0.0, "percent_covered_display": "0", "missing_lines": 13, "excluded_lines": 0}, "missing_lines": [261, 262, 264, 265, 267, 268, 269, 270, 271, 278, 279, 280, 282], "excluded_lines": []}, "EventNLPExtractor._parse_date_match": {"executed_lines": [], "summary": {"covered_lines": 0, "num_statements": 25, "percent_covered": 0.0, "percent_covered_display": "0", "missing_lines": 25, "excluded_lines": 0}, "missing_lines": [289, 290, 291, 292, 294, 295, 296, 298, 299, 300, 302, 303, 304, 306, 307, 309, 310, 312, 313, 315, 316, 317, 319, 320, 322], "excluded_lines": []}, "EventNLPExtractor._get_next_weekday": {"executed_lines": [], "summary": {"covered_lines": 0, "num_statements": 8, "percent_covered": 0.0, "percent_covered_display": "0", "missing_lines": 8, "excluded_lines": 0}, "missing_lines": [327, 346, 347, 348, 350, 351, 352, 354], "excluded_lines": []}, "EventNLPExtractor._extract_entities_regex": {"executed_lines": [], "summary": {"covered_lines": 0, "num_statements": 7, "percent_covered": 0.0, "percent_covered_display": "0", "missing_lines": 7, "excluded_lines": 0}, "missing_lines": [359, 362, 363, 365, 366, 373, 375], "excluded_lines": []}, "EventNLPExtractor._extract_artists_regex": {"executed_lines": [], "summary": {"covered_lines": 0, "num_statements": 9, "percent_covered": 0.0, "percent_covered_display": "0", "missing_lines": 9, "excluded_lines": 0}, "missing_lines": [381, 388, 389, 390, 391, 392, 393, 394, 396], "excluded_lines": []}, "EventNLPExtractor._filter_artist_names": {"executed_lines": [], "summary": {"covered_lines": 0, "num_statements": 6, "percent_covered": 0.0, "percent_covered_display": "0", "missing_lines": 6, "excluded_lines": 0}, "missing_lines": [401, 422, 423, 424, 425, 427], "excluded_lines": []}, "main": {"executed_lines": [], "summary": {"covered_lines": 0, "num_statements": 10, "percent_covered": 0.0, "percent_covered_display": "0", "missing_lines": 10, "excluded_lines": 0}, "missing_lines": [433, 436, 443, 444, 445, 446, 451, 452, 455, 456], "excluded_lines": []}, "": {"executed_lines": [], "summary": {"covered_lines": 0, "num_statements": 41, "percent_covered": 0.0, "percent_covered_display": "0", "missing_lines": 41, "excluded_lines": 0}, "missing_lines": [7, 8, 9, 10, 11, 13, 14, 16, 17, 18, 19, 23, 24, 27, 28, 31, 32, 33, 36, 37, 40, 41, 42, 43, 44, 47, 50, 67, 81, 121, 140, 203, 258, 284, 324, 356, 377, 398, 430, 459, 460], "excluded_lines": []}}, "classes": {"ExtractedDateTime": {"executed_lines": [], "summary": {"covered_lines": 0, "num_statements": 0, "percent_covered": 100.0, "percent_covered_display": "100", "missing_lines": 0, "excluded_lines": 0}, "missing_lines": [], "excluded_lines": []}, "ExtractedEntity": {"executed_lines": [], "summary": {"covered_lines": 0, "num_statements": 0, "percent_covered": 100.0, "percent_covered_display": "100", "missing_lines": 0, "excluded_lines": 0}, "missing_lines": [], "excluded_lines": []}, "EventNLPExtractor": {"executed_lines": [], "summary": {"covered_lines": 0, "num_statements": 117, "percent_covered": 0.0, "percent_covered_display": "0", "missing_lines": 117, "excluded_lines": 0}, "missing_lines": [51, 52, 54, 55, 57, 62, 63, 64, 65, 70, 73, 74, 79, 84, 91, 92, 93, 95, 96, 98, 106, 107, 109, 111, 112, 115, 116, 117, 119, 124, 125, 128, 129, 130, 133, 134, 137, 138, 143, 144, 146, 149, 196, 197, 198, 199, 201, 206, 256, 261, 262, 264, 265, 267, 268, 269, 270, 271, 278, 279, 280, 282, 289, 290, 291, 292, 294, 295, 296, 298, 299, 300, 302, 303, 304, 306, 307, 309, 310, 312, 313, 315, 316, 317, 319, 320, 322, 327, 346, 347, 348, 350, 351, 352, 354, 359, 362, 363, 365, 366, 373, 375, 381, 388, 389, 390, 391, 392, 393, 394, 396, 401, 422, 423, 424, 425, 427], "excluded_lines": []}, "": {"executed_lines": [], "summary": {"covered_lines": 0, "num_statements": 51, "percent_covered": 0.0, "percent_covered_display": "0", "missing_lines": 51, "excluded_lines": 0}, "missing_lines": [7, 8, 9, 10, 11, 13, 14, 16, 17, 18, 19, 23, 24, 27, 28, 31, 32, 33, 36, 37, 40, 41, 42, 43, 44, 47, 50, 67, 81, 121, 140, 203, 258, 284, 324, 356, 377, 398, 430, 433, 436, 443, 444, 445, 446, 451, 452, 455, 456, 459, 460], "excluded_lines": []}}}, "data-collection\\pipeline\\__init__.py": {"executed_lines": [0], "summary": {"covered_lines": 0, "num_statements": 0, "percent_covered": 100.0, "percent_covered_display": "100", "missing_lines": 0, "excluded_lines": 0}, "missing_lines": [], "excluded_lines": [], "functions": {"": {"executed_lines": [], "summary": {"covered_lines": 0, "num_statements": 0, "percent_covered": 100.0, "percent_covered_display": "100", "missing_lines": 0, "excluded_lines": 0}, "missing_lines": [], "excluded_lines": []}}, "classes": {"": {"executed_lines": [], "summary": {"covered_lines": 0, "num_statements": 0, "percent_covered": 100.0, "percent_covered_display": "100", "missing_lines": 0, "excluded_lines": 0}, "missing_lines": [], "excluded_lines": []}}}, "data-collection\\pipeline\\integrated_data_pipeline.py": {"executed_lines": [2, 7, 8, 9, 10, 11, 12, 13, 14, 15, 16, 17, 20, 21, 22], "summary": {"covered_lines": 14, "num_statements": 359, "percent_covered": 3.8997214484679668, "percent_covered_display": "4", "missing_lines": 345, "excluded_lines": 0}, "missing_lines": [23, 24, 25, 26, 27, 29, 30, 33, 34, 38, 41, 42, 43, 44, 47, 48, 51, 52, 53, 54, 55, 56, 57, 60, 61, 62, 65, 66, 69, 70, 71, 74, 75, 79, 80, 81, 82, 83, 84, 87, 88, 89, 90, 91, 94, 95, 96, 99, 100, 101, 104, 107, 114, 117, 120, 121, 122, 124, 126, 127, 128, 132, 133, 134, 136, 137, 138, 140, 142, 143, 144, 150, 151, 152, 155, 157, 165, 166, 168, 170, 171, 172, 174, 175, 178, 179, 182, 183, 184, 186, 187, 190, 191, 192, 194, 195, 198, 199, 200, 203, 204, 206, 207, 209, 210, 211, 214, 215, 216, 217, 219, 220, 224, 226, 229, 232, 233, 236, 237, 240, 241, 244, 247, 248, 251, 252, 253, 256, 257, 258, 261, 262, 263, 266, 267, 268, 270, 271, 272, 273, 274, 275, 276, 277, 278, 279, 281, 282, 284, 285, 287, 288, 290, 295, 302, 303, 304, 322, 324, 326, 331, 338, 339, 340, 361, 363, 365, 368, 380, 387, 388, 389, 408, 410, 412, 415, 426, 433, 434, 435, 456, 458, 460, 463, 470, 471, 473, 477, 496, 498, 500, 503, 505, 506, 507, 509, 510, 511, 513, 515, 516, 518, 520, 521, 522, 524, 525, 531, 532, 536, 537, 540, 542, 545, 547, 550, 551, 553, 554, 555, 557, 559, 562, 565, 566, 569, 573, 575, 577, 578, 581, 583, 584, 588, 591, 593, 596, 597, 599, 600, 603, 604, 605, 607, 610, 611, 612, 613, 614, 616, 617, 621, 625, 627, 628, 629, 631, 634, 635, 636, 638, 640, 641, 644, 647, 649, 651, 652, 654, 656, 667, 669, 670, 674, 675, 676, 678, 679, 680, 682, 686, 711, 726, 738, 742, 745, 748, 750, 770, 773, 774, 775, 777, 781, 783, 786, 787, 789, 790, 791, 792, 794, 796, 800, 801, 803, 842, 846, 847, 849, 851, 854, 858, 859, 861, 863, 866, 870, 871, 873, 876, 880, 902, 904, 905, 907, 908, 909, 910, 911, 912, 913, 914, 915, 916, 917, 918, 921, 922, 924, 925, 926, 928, 931, 932], "excluded_lines": [], "functions": {"IntegratedDataPipeline.__init__": {"executed_lines": [], "summary": {"covered_lines": 0, "num_statements": 23, "percent_covered": 0.0, "percent_covered_display": "0", "missing_lines": 23, "excluded_lines": 0}, "missing_lines": [114, 117, 120, 121, 122, 124, 126, 127, 128, 132, 133, 134, 136, 137, 138, 140, 142, 143, 144, 150, 151, 152, 155], "excluded_lines": []}, "IntegratedDataPipeline.run_pipeline": {"executed_lines": [], "summary": {"covered_lines": 0, "num_statements": 37, "percent_covered": 0.0, "percent_covered_display": "0", "missing_lines": 37, "excluded_lines": 0}, "missing_lines": [165, 166, 168, 170, 171, 172, 174, 175, 178, 179, 182, 183, 184, 186, 187, 190, 191, 192, 194, 195, 198, 199, 200, 203, 204, 206, 207, 209, 210, 211, 214, 215, 216, 217, 219, 220, 224], "excluded_lines": []}, "IntegratedDataPipeline._collect_all_events": {"executed_lines": [], "summary": {"covered_lines": 0, "num_statements": 38, "percent_covered": 0.0, "percent_covered_display": "0", "missing_lines": 38, "excluded_lines": 0}, "missing_lines": [229, 232, 233, 236, 237, 240, 241, 244, 247, 248, 251, 252, 253, 256, 257, 258, 261, 262, 263, 266, 267, 268, 270, 271, 272, 273, 274, 275, 276, 277, 278, 279, 281, 282, 284, 285, 287, 288], "excluded_lines": []}, "IntegratedDataPipeline._collect_eventbrite_events": {"executed_lines": [], "summary": {"covered_lines": 0, "num_statements": 6, "percent_covered": 0.0, "percent_covered_display": "0", "missing_lines": 6, "excluded_lines": 0}, "missing_lines": [295, 302, 303, 304, 322, 324], "excluded_lines": []}, "IntegratedDataPipeline._collect_meetup_events": {"executed_lines": [], "summary": {"covered_lines": 0, "num_statements": 6, "percent_covered": 0.0, "percent_covered_display": "0", "missing_lines": 6, "excluded_lines": 0}, "missing_lines": [331, 338, 339, 340, 361, 363], "excluded_lines": []}, "IntegratedDataPipeline._collect_instagram_events": {"executed_lines": [], "summary": {"covered_lines": 0, "num_statements": 7, "percent_covered": 0.0, "percent_covered_display": "0", "missing_lines": 7, "excluded_lines": 0}, "missing_lines": [368, 380, 387, 388, 389, 408, 410], "excluded_lines": []}, "IntegratedDataPipeline._collect_tiktok_events": {"executed_lines": [], "summary": {"covered_lines": 0, "num_statements": 7, "percent_covered": 0.0, "percent_covered_display": "0", "missing_lines": 7, "excluded_lines": 0}, "missing_lines": [415, 426, 433, 434, 435, 456, 458], "excluded_lines": []}, "IntegratedDataPipeline._collect_viral_events": {"executed_lines": [], "summary": {"covered_lines": 0, "num_statements": 7, "percent_covered": 0.0, "percent_covered_display": "0", "missing_lines": 7, "excluded_lines": 0}, "missing_lines": [463, 470, 471, 473, 477, 496, 498], "ex
[...]
8, 280, 282, 287, 288, 289, 290, 291, 292, 294, 296, 297, 301, 302, 303, 304, 305, 306, 308, 310, 311, 313, 314, 315, 317, 319, 320, 321, 336, 337, 339, 340, 342, 344, 346, 347, 348, 350, 352, 353, 354, 356, 358, 359, 360, 361, 362, 365, 368, 371, 374, 377, 380, 385, 391, 395, 398, 401, 402, 403, 404, 405, 408, 409, 415, 416, 417, 418, 419, 420, 422, 423, 424, 425, 426, 427, 428, 430, 432, 433, 434, 436, 439, 440], "excluded_lines": [], "functions": {"ProductionMLPipeline.__init__": {"executed_lines": [], "summary": {"covered_lines": 0, "num_statements": 9, "percent_covered": 0.0, "percent_covered_display": "0", "missing_lines": 9, "excluded_lines": 0}, "missing_lines": [41, 42, 43, 46, 47, 50, 51, 54, 57], "excluded_lines": []}, "ProductionMLPipeline.run_full_pipeline": {"executed_lines": [], "summary": {"covered_lines": 0, "num_statements": 84, "percent_covered": 0.0, "percent_covered_display": "0", "missing_lines": 84, "excluded_lines": 0}, "missing_lines": [82, 84, 85, 93, 95, 96, 98, 99, 101, 102, 106, 110, 113, 114, 115, 119, 120, 121, 122, 124, 126, 127, 129, 132, 133, 134, 135, 136, 138, 139, 140, 141, 143, 146, 148, 150, 155, 156, 159, 160, 162, 168, 169, 171, 172, 174, 180, 182, 183, 185, 188, 189, 191, 192, 193, 196, 197, 202, 206, 207, 208, 209, 211, 212, 214, 217, 218, 222, 223, 226, 227, 230, 231, 232, 236, 238, 241, 243, 245, 246, 249, 250, 251, 252], "excluded_lines": []}, "ProductionMLPipeline._content_model_exists": {"executed_lines": [], "summary": {"covered_lines": 0, "num_statements": 2, "percent_covered": 0.0, "percent_covered_display": "0", "missing_lines": 2, "excluded_lines": 0}, "missing_lines": [256, 257], "excluded_lines": []}, "ProductionMLPipeline._cf_model_exists": {"executed_lines": [], "summary": {"covered_lines": 0, "num_statements": 2, "percent_covered": 0.0, "percent_covered_display": "0", "missing_lines": 2, "excluded_lines": 0}, "missing_lines": [261, 262], "excluded_lines": []}, "ProductionMLPipeline._hybrid_model_exists": {"executed_lines": [], "summary": {"covered_lines": 0, "num_statements": 2, "percent_covered": 0.0, "percent_covered_display": "0", "missing_lines": 2, "excluded_lines": 0}, "missing_lines": [266, 267], "excluded_lines": []}, "ProductionMLPipeline._training_data_exists": {"executed_lines": [], "summary": {"covered_lines": 0, "num_statements": 3, "percent_covered": 0.0, "percent_covered_display": "0", "missing_lines": 3, "excluded_lines": 0}, "missing_lines": [271, 272, 273], "excluded_lines": []}, "ProductionMLPipeline._load_content_model": {"executed_lines": [], "summary": {"covered_lines": 0, "num_statements": 10, "percent_covered": 0.0, "percent_covered_display": "0", "missing_lines": 10, "excluded_lines": 0}, "missing_lines": [277, 278, 280, 282, 287, 288, 289, 290, 291, 292], "excluded_lines": []}, "ProductionMLPipeline._load_cf_model": {"executed_lines": [], "summary": {"covered_lines": 0, "num_statements": 8, "percent_covered": 0.0, "percent_covered_display": "0", "missing_lines": 8, "excluded_lines": 0}, "missing_lines": [296, 297, 301, 302, 303, 304, 305, 306], "excluded_lines": []}, "ProductionMLPipeline._load_training_data": {"executed_lines": [], "summary": {"covered_lines": 0, "num_statements": 6, "percent_covered": 0.0, "percent_covered_display": "0", "missing_lines": 6, "excluded_lines": 0}, "missing_lines": [310, 311, 313, 339, 340, 342], "excluded_lines": []}, "ProductionMLPipeline._load_training_data.load_examples": {"executed_lines": [], "summary": {"covered_lines": 0, "num_statements": 8, "percent_covered": 0.0, "percent_covered_display": "0", "missing_lines": 8, "excluded_lines": 0}, "missing_lines": [314, 315, 317, 319, 320, 321, 336, 337], "excluded_lines": []}, "ProductionMLPipeline._save_pipeline_state": {"executed_lines": [], "summary": {"covered_lines": 0, "num_statements": 3, "percent_covered": 0.0, "percent_covered_display": "0", "missing_lines": 3, "excluded_lines": 0}, "missing_lines": [346, 347, 348], "excluded_lines": []}, "ProductionMLPipeline._save_pipeline_results": {"executed_lines": [], "summary": {"covered_lines": 0, "num_statements": 3, "percent_covered": 0.0, "percent_covered_display": "0", "missing_lines": 3, "excluded_lines": 0}, "missing_lines": [352, 353, 354], "excluded_lines": []}, "ProductionMLPipeline.get_pipeline_status": {"executed_lines": [], "summary": {"covered_lines": 0, "num_statements": 5, "percent_covered": 0.0, "percent_covered_display": "0", "missing_lines": 5, "excluded_lines": 0}, "missing_lines": [358, 359, 360, 361, 362], "excluded_lines": []}, "main": {"executed_lines": [], "summary": {"covered_lines": 0, "num_statements": 34, "percent_covered": 0.0, "percent_covered_display": "0", "missing_lines": 34, "excluded_lines": 0}, "missing_lines": [368, 371, 374, 377, 380, 385, 391, 395, 398, 401, 402, 403, 404, 405, 408, 409, 415, 416, 417, 418, 419, 420, 422, 423, 424, 425, 426, 427, 428, 430, 432, 433, 434, 436], "excluded_lines": []}, "": {"executed_lines": [], "summary": {"covered_lines": 0, "num_statements": 29, "percent_covered": 0.0, "percent_covered_display": "0", "missing_lines": 29, "excluded_lines": 0}, "missing_lines": [7, 8, 9, 10, 11, 12, 14, 15, 16, 17, 18, 20, 21, 24, 27, 65, 254, 259, 264, 269, 275, 294, 308, 344, 350, 356, 365, 439, 440], "excluded_lines": []}}, "classes": {"ProductionMLPipeline": {"executed_lines": [], "summary": {"covered_lines": 0, "num_statements": 145, "percent_covered": 0.0, "percent_covered_display": "0", "missing_lines": 145, "excluded_lines": 0}, "missing_lines": [41, 42, 43, 46, 47, 50, 51, 54, 57, 82, 84, 85, 93, 95, 96, 98, 99, 101, 102, 106, 110, 113, 114, 115, 119, 120, 121, 122, 124, 126, 127, 129, 132, 133, 134, 135, 136, 138, 139, 140, 141, 143, 146, 148, 150, 155, 156, 159, 160, 162, 168, 169, 171, 172, 174, 180, 182, 183, 185, 188, 189, 191, 192, 193, 196, 197, 202, 206, 207, 208, 209, 211, 212, 214, 217, 218, 222, 223, 226, 227, 230, 231, 232, 236, 238, 241, 243, 245, 246, 249, 250, 251, 252, 256, 257, 261, 262, 266, 267, 271, 272, 273, 277, 278, 280, 282, 287, 288, 289, 290, 291, 292, 296, 297, 301, 302, 303, 304, 305, 306, 310, 311, 313, 314, 315, 317, 319, 320, 321, 336, 337, 339, 340, 342, 346, 347, 348, 352, 353, 354, 358, 359, 360, 361, 362], "excluded_lines": []}, "": {"executed_lines": [], "summary": {"covered_lines": 0, "num_statements": 63, "percent_covered": 0.0, "percent_covered_display": "0", "missing_lines": 63, "excluded_lines": 0}, "missing_lines": [7, 8, 9, 10, 11, 12, 14, 15, 16, 17, 18, 20, 21, 24, 27, 65, 254, 259, 264, 269, 275, 294, 308, 344, 350, 356, 365, 368, 371, 374, 377, 380, 385, 391, 395, 398, 401, 402, 403, 404, 405, 408, 409, 415, 416, 417, 418, 419, 420, 422, 423, 424, 425, 426, 427, 428, 430, 432, 433, 434, 436, 439, 440], "excluded_lines": []}}}, "ml\\training\\train_models.py": {"executed_lines": [], "summary": {"covered_lines": 0, "num_statements": 186, "percent_covered": 0.0, "percent_covered_display": "0", "missing_lines": 186, "excluded_lines": 0}, "missing_lines": [7, 8, 9, 10, 11, 12, 13, 15, 16, 17, 19, 20, 23, 26, 36, 37, 38, 41, 42, 44, 51, 53, 54, 55, 57, 60, 80, 82, 83, 85, 87, 104, 107, 108, 110, 111, 112, 113, 114, 115, 118, 119, 120, 122, 123, 124, 125, 126, 128, 129, 132, 138, 140, 141, 142, 149, 151, 153, 154, 156, 169, 172, 176, 181, 183, 184, 186, 200, 202, 203, 204, 206, 212, 220, 221, 223, 242, 244, 245, 246, 249, 250, 251, 252, 255, 256, 257, 258, 261, 262, 263, 264, 267, 268, 271, 273, 274, 275, 278, 280, 283, 284, 287, 290, 291, 299, 301, 302, 304, 315, 316, 318, 319, 320, 322, 324, 325, 328, 329, 330, 332, 336, 337, 345, 348, 350, 351, 352, 354, 355, 356, 358, 359, 360, 363, 364, 365, 366, 367, 370, 371, 372, 373, 374, 376, 378, 380, 384, 387, 398, 401, 408, 409, 410, 416, 417, 418, 424, 425, 426, 428, 431, 434, 437, 439, 440, 441, 444, 446, 447, 449, 450, 453, 454, 457, 458, 459, 460, 461, 462, 464, 466, 469, 471, 474, 475], "excluded_lines": [], "functions": {"ModelTrainer.__init__": {"executed_lines": [], "summary": {"covered_lines": 0, "num_statements": 5, "percent_covered": 0.0, "percent_covered_display": "0", "missing_lines": 5, "excluded_lines": 0}, "missing_lines": [36, 37, 38, 41, 42], "excluded_lines": []}, "ModelTrainer.load_data": {"executed_lines": [], "summary": {"covered_lines": 0, "num_statements": 39, "percent_covered": 0.0, "percent_covered_display": "0", "missing_lines": 39, "excluded_lines": 0}, "missing_lines": [51, 53, 54, 55, 57, 60, 80, 82, 83, 85, 87, 104, 107, 108, 110, 111, 112, 113, 114, 115, 118, 119, 120, 122, 123, 124, 125, 126, 128, 129, 132, 138, 140, 141, 142, 149, 151, 153, 154], "excluded_lines": []}, "ModelTrainer.train_content_model": {"executed_lines": [], "summary": {"covered_lines": 0, "num_statements": 6, "percent_covered": 0.0, "percent_covered_display": "0", "missing_lines": 6, "excluded_lines": 0}, "missing_lines": [169, 172, 176, 181, 183, 184], "excluded_lines": []}, "ModelTrainer.train_cf_model": {"executed_lines": [], "summary": {"covered_lines": 0, "num_statements": 8, "percent_covered": 0.0, "percent_covered_display": "0", "missing_lines": 8, "excluded_lines": 0}, "missing_lines": [200, 202, 203, 204, 206, 212, 220, 221], "excluded_lines": []}, "ModelTrainer.evaluate_models": {"executed_lines": [], "summary": {"covered_lines": 0, "num_statements": 32, "percent_covered": 0.0, "percent_covered_display": "0", "missing_lines": 32, "excluded_lines": 0}, "missing_lines": [242, 244, 245, 246, 249, 250, 251, 252, 255, 256, 257, 258, 261, 262, 263, 264, 267, 268, 271, 273, 274, 275, 278, 280, 283, 284, 287, 290, 291, 299, 301, 302], "excluded_lines": []}, "ModelTrainer._evaluate_model": {"executed_lines": [], "summary": {"covered_lines": 0, "num_statements": 37, "percent_covered": 0.0, "percent_covered_display": "0", "missing_lines": 37, "excluded_lines": 0}, "missing_lines": [315, 316, 318, 319, 320, 322, 324, 325, 328, 329, 330, 332, 336, 337, 345, 348, 350, 351, 352, 354, 355, 356, 358, 359, 360, 363, 364, 365, 366, 367, 370, 371, 372, 373, 374, 376, 378], "excluded_lines": []}, "ModelTrainer._infer_user_preferences": {"executed_lines": [], "summary": {"covered_lines": 0, "num_statements": 2, "percent_covered": 0.0, "percent_covered_display": "0", "missing_lines": 2, "excluded_lines": 0}, "missing_lines": [384, 387], "excluded_lines": []}, "ModelTrainer.save_training_report": {"executed_lines": [], "summary": {"covered_lines": 0, "num_statements": 11, "percent_covered": 0.0, "percent_covered_display": "0", "missing_lines": 11, "excluded_lines": 0}, "missing_lines": [401, 408, 409, 410, 416, 417, 418, 424, 425, 426, 428], "excluded_lines": []}, "main": {"executed_lines": [], "summary": {"covered_lines": 0, "num_statements": 22, "percent_covered": 0.0, "percent_covered_display": "0", "missing_lines": 22, "excluded_lines": 0}, "missing_lines": [434, 437, 439, 440, 441, 444, 446, 447, 449, 450, 453, 454, 457, 458, 459, 460, 461, 462, 464, 466, 469, 471], "excluded_lines": []}, "": {"executed_lines": [], "summary": {"covered_lines": 0, "num_statements": 24, "percent_covered": 0.0, "percent_covered_display": "0", "missing_lines": 24, "excluded_lines": 0}, "missing_lines": [7, 8, 9, 10, 11, 12, 13, 15, 16, 17, 19, 20, 23, 26, 44, 156, 186, 223, 304, 380, 398, 431, 474, 475], "excluded_lines": []}}, "classes": {"ModelTrainer": {"executed_lines": [], "summary": {"covered_lines": 0, "num_statements": 140, "percent_covered": 0.0, "percent_covered_display": "0", "missing_lines": 140, "excluded_lines": 0}, "missing_lines": [36, 37, 38, 41, 42, 51, 53, 54, 55, 57, 60, 80, 82, 83, 85, 87, 104, 107, 108, 110, 111, 112, 113, 114, 115, 118, 119, 120, 122, 123, 124, 125, 126, 128, 129, 132, 138, 140, 141, 142, 149, 151, 153, 154, 169, 172, 176, 181, 183, 184, 200, 202, 203, 204, 206, 212, 220, 221, 242, 244, 245, 246, 249, 250, 251, 252, 255, 256, 257, 258, 261, 262, 263, 264, 267, 268, 271, 273, 274, 275, 278, 280, 283, 284, 287, 290, 291, 299, 301, 302, 315, 316, 318, 319, 320, 322, 324, 325, 328, 329, 330, 332, 336, 337, 345, 348, 350, 351, 352, 354, 355, 356, 358, 359, 360, 363, 364, 365, 366, 367, 370, 371, 372, 373, 374, 376, 378, 384, 387, 401, 408, 409, 410, 416, 417, 418, 424, 425, 426, 428], "excluded_lines": []}, "": {"executed_lines": [], "summary": {"covered_lines": 0, "num_statements": 46, "percent_covered": 0.0, "percent_covered_display": "0", "missing_lines": 46, "excluded_lines": 0}, "missing_lines": [7, 8, 9, 10, 11, 12, 13, 15, 16, 17, 19, 20, 23, 26, 44, 156, 186, 223, 304, 380, 398, 431, 434, 437, 439, 440, 441, 444, 446, 447, 449, 450, 453, 454, 457, 458, 459, 460, 461, 462, 464, 466, 469, 471, 474, 475], "excluded_lines": []}}}, "ml\\utils\\__init__.py": {"executed_lines": [], "summary": {"covered_lines": 0, "num_statements": 2, "percent_covered": 0.0, "percent_covered_display": "0", "missing_lines": 2, "excluded_lines": 0}, "missing_lines": [5, 7], "excluded_lines": [], "functions": {"": {"executed_lines": [], "summary": {"covered_lines": 0, "num_statements": 2, "percent_covered": 0.0, "percent_covered_display": "0", "missing_lines": 2, "excluded_lines": 0}, "missing_lines": [5, 7], "excluded_lines": []}}, "classes": {"": {"executed_lines": [], "summary": {"covered_lines": 0, "num_statements": 2, "percent_covered": 0.0, "percent_covered_display": "0", "missing_lines": 2, "excluded_lines": 0}, "missing_lines": [5, 7], "excluded_lines": []}}}, "ml\\utils\\feature_engineering.py": {"executed_lines": [], "summary": {"covered_lines": 0, "num_statements": 206, "percent_covered": 0.0, "percent_covered_display": "0", "missing_lines": 206, "excluded_lines": 0}, "missing_lines": [7, 8, 9, 10, 11, 12, 14, 15, 18, 21, 23, 24, 25, 28, 29, 31, 34, 36, 39, 40, 41, 42, 45, 46, 47, 48, 51, 52, 53, 56, 57, 58, 59, 60, 62, 64, 73, 76, 77, 80, 81, 82, 83, 84, 87, 88, 89, 92, 93, 94, 95, 96, 97, 98, 101, 102, 103, 106, 107, 108, 109, 110, 112, 114, 123, 126, 127, 129, 130, 131, 132, 133, 136, 137, 140, 141, 142, 145, 147, 150, 151, 153, 154, 155, 156, 158, 160, 169, 172, 173, 176, 177, 178, 180, 181, 182, 184, 185, 186, 189, 190, 191, 194, 195, 197, 199, 209, 212, 213, 214, 217, 218, 219, 220, 223, 233, 234, 235, 238, 241, 243, 244, 248, 250, 258, 259, 262, 263, 265, 266, 267, 268, 271, 272, 273, 274, 275, 278, 279, 281, 282, 283, 286, 291, 292, 293, 296, 297, 302, 303, 305, 307, 312, 314, 315, 316, 319, 320, 321, 322, 324, 325, 326, 327, 329, 332, 333, 337, 340, 341, 342, 343, 345, 346, 347, 348, 350, 353, 359, 361, 368, 371, 382, 383, 384, 386, 387, 390, 391, 392, 393, 394, 395, 396, 398, 401, 404, 407, 412, 413, 416, 422, 425, 428, 431, 432], "excluded_lines": [], "functions": {"FeatureEngineer.__init__": {"executed_lines": [], "summary": {"covered_lines": 0, "num_statements": 5, "percent_covered": 0.0, "percent_covered_display": "0", "missing_lines": 5, "excluded_lines": 0}, "missing_lines": [23, 24, 25, 28, 29], "excluded_lines": []}, "FeatureEngineer.extract_temporal_features": {"executed_lines": [], "summary": {"covered_lines": 0, "num_statements": 19, "percent_covered": 0.0, "percent_covered_display": "0", "missing_lines": 19, "excluded_lines": 0}, "missing_lines": [34, 36, 39, 40, 41, 42, 45, 46, 47, 48, 51, 52, 53, 56, 57, 58, 59, 60, 62], "excluded_lines": []}, "FeatureEngineer.extract_geo_features": {"executed_lines": [], "summary": {"covered_lines": 0, "num_statements": 27, "percent_covered": 0.0, "percent_covered_display": "0", "missing_lines": 27, "excluded_lines": 0}, "missing_lines": [73, 76, 77, 80, 81, 82, 83, 84, 87, 88, 89, 92, 93, 94, 95, 96, 97, 98, 101, 102, 103, 106, 107, 108, 109, 110, 112], "excluded_lines": []}, "FeatureEngineer.extract_price_features": {"executed_lines": [], "summary": {"covered_lines": 0, "num_statements": 22, "percent_covered": 0.0, "percent_covered_display": "0", "missing_lines": 22, "excluded_lines": 0}, "missing_lines": [123, 126, 127, 129, 130, 131, 132, 133, 136, 137, 140, 141, 142, 145, 147, 150, 151, 153, 154, 155, 156, 158], "excluded_lines": []}, "FeatureEngineer.extract_popularity_features": {"executed_lines": [], "summary": {"covered_lines": 0, "num_statements": 18, "percent_covered": 0.0, "percent_covered_display": "0", "missing_lines": 18, "excluded_lines": 0}, "missing_lines": [169, 172, 173, 176, 177, 178, 180, 181, 182, 184, 185, 186, 189, 190, 191, 194, 195, 197], "excluded_lines": []}, "FeatureEngineer.extract_content_features": {"executed_lines": [], "summary": {"covered_lines": 0, "num_statements": 17, "percent_covered": 0.0, "percent_covered_display": "0", "missing_lines": 17, "excluded_lines": 0}, "missing_lines": [209, 212, 213, 214, 217, 218, 219, 220, 223, 233, 234, 235, 238, 241, 243, 244, 248], "excluded_lines": []}, "FeatureEngineer.extract_user_context_features": {"executed_lines": [], "summary": {"covered_lines": 0, "num_statements": 27, "percent_covered": 0.0, "percent_covered_display": "0", "missing_lines": 27, "excluded_lines": 0}, "missing_lines": [258, 259, 262, 263, 265, 266, 267, 268, 271, 272, 273, 274, 275, 278, 279, 281, 282, 283, 286, 291, 292, 293, 296, 297, 302, 303, 305], "excluded_lines": []}, "FeatureEngineer.extract_diversity_features": {"executed_lines": [], "summary": {"covered_lines": 0, "num_statements": 27, "percent_covered": 0.0, "percent_covered_display": "0", "missing_lines": 27, "excluded_lines": 0}, "missing_lines": [312, 314, 315, 316, 319, 320, 321, 322, 324, 325, 326, 327, 329, 332, 333, 337, 340, 341, 342, 343, 345, 346, 347, 348, 350, 353, 359], "excluded_lines": []}, "FeatureEngineer.normalize_features": {"executed_lines": [], "summary": {"covered_lines": 0, "num_statements": 15, "percent_covered": 0.0, "percent_covered_display": "0", "missing_lines": 15, "excluded_lines": 0}, "missing_lines": [368, 371, 382, 383, 384, 386, 387, 390, 391, 392, 393, 394, 395, 396, 398], "excluded_lines": []}, "main": {"executed_lines": [], "summary": {"covered_lines": 0, "num_statements": 8, "percent_covered": 0.0, "percent_covered_display": "0", "missing_lines": 8, "excluded_lines": 0}, "missing_lines": [404, 407, 412, 413, 416, 422, 425, 428], "excluded_lines": []}, "": {"executed_lines": [], "summary": {"covered_lines": 0, "num_statements": 21, "percent_covered": 0.0, "percent_covered_display": "0", "missing_lines": 21, "excluded_lines": 0}, "missing_lines": [7, 8, 9, 10, 11, 12, 14, 15, 18, 21, 31, 64, 114, 160, 199, 250, 307, 361, 401, 431, 432], "excluded_lines": []}}, "classes": {"FeatureEngineer": {"executed_lines": [], "summary": {"covered_lines": 0, "num_statements": 177, "percent_covered": 0.0, "percent_covered_display": "0", "missing_lines": 177, "excluded_lines": 0}, "missing_lines": [23, 24, 25, 28, 29, 34, 36, 39, 40, 41, 42, 45, 46, 47, 48, 51, 52, 53, 56, 57, 58, 59, 60, 62, 73, 76, 77, 80, 81, 82, 83, 84, 87, 88, 89, 92, 93, 94, 95, 96, 97, 98, 101, 102, 103, 106, 107, 108, 109, 110, 112, 123, 126, 127, 129, 130, 131, 132, 133, 136, 137, 140, 141, 142, 145, 147, 150, 151, 153, 154, 155, 156, 158, 169, 172, 173, 176, 177, 178, 180, 181, 182, 184, 185, 186, 189, 190, 191, 194, 195, 197, 209, 212, 213, 214, 217, 218, 219, 220, 223, 233, 234, 235, 238, 241, 243, 244, 248, 258, 259, 262, 263, 265, 266, 267, 268, 271, 272, 273, 274, 275, 278, 279, 281, 282, 283, 286, 291, 292, 293, 296, 297, 302, 303, 305, 312, 314, 315, 316, 319, 320, 321, 322, 324, 325, 326, 327, 329, 332, 333, 337, 340, 341, 342, 343, 345, 346, 347, 348, 350, 353, 359, 368, 371, 382, 383, 384, 386, 387, 390, 391, 392, 393, 394, 395, 396, 398], "excluded_lines": []}, "": {"executed_lines": [], "summary": {"covered_lines": 0, "num_statements": 29, "percent_covered": 0.0, "percent_covered_display": "0", "missing_lines": 29, "excluded_lines": 0}, "missing_lines": [7, 8, 9, 10, 11, 12, 14, 15, 18, 21, 31, 64, 114, 160, 199, 250, 307, 361, 401, 404, 407, 412, 413, 416, 422, 425, 428, 431, 432], "excluded_lines": []}}}}, "totals": {"covered_lines": 918, "num_statements": 5828, "percent_covered": 15.751544269045985, "percent_covered_display": "16", "missing_lines": 4910, "excluded_lines": 0}}